DEBUG:2016-05-30 22:17:15,173 - [File:log.octCtrl]Parsing:[line#0]Mar 16 14:12:20.403 [ETC] [ID=1][core#17]
DEBUG:2016-05-30 22:17:15,180 - [File:log.octCtrl]Parsing:[line#1]Mar 16 14:12:20.403 [ETC] [ID=1][core#17] Input WQE Data: rxPort: 2112 len: 90 tag: 138419910(8401ec6)
DEBUG:2016-05-30 22:17:15,180 - [File:log.octCtrl]Parsing:[line#2]Mar 16 14:12:20.403 [ETC] [ID=1][core#17] cvmx_dump_wqe: WQE @ 84fd980
DEBUG:2016-05-30 22:17:15,180 - [File:log.octCtrl]Parsing:[line#3]Mar 16 14:12:20.403 [ETC] [ID=1][core#17] WQE WORD0: 0x3a00120000000000
DEBUG:2016-05-30 22:17:15,181 - [File:log.octCtrl]Parsing:[line#4]Mar 16 14:12:20.403 [ETC] [ID=1][core#17]          : l4ptr: 58 l3ptr: 18 l2ptr: 18 pknd: 0 bpid: 0
DEBUG:2016-05-30 22:17:15,181 - [File:log.octCtrl]Parsing:[line#5]Mar 16 14:12:20.403 [ETC] [ID=1][core#17] WQE WORD1: 0x005a21e108401ec6
DEBUG:2016-05-30 22:17:15,181 - [File:log.octCtrl]Parsing:[line#6]Mar 16 14:12:20.403 [ETC] [ID=1][core#17]          : len: 90 ipprt: 2112 qos: 2 grp: 15 tag_type: 1 tag: 8401ec6
DEBUG:2016-05-30 22:17:15,181 - [File:log.octCtrl]Parsing:[line#7]Mar 16 14:12:20.403 [ETC] [ID=1][core#17] WQE WORD2: 0x01128fa084010400
DEBUG:2016-05-30 22:17:15,181 - [File:log.octCtrl]Parsing:[line#8]Mar 16 14:12:20.403 [ETC] [ID=1][core#17]          : Buffs: 1 IP_offset: 18 VLAN: 1 TCP/UDP: 0 IP: 1 core: 17
DEBUG:2016-05-30 22:17:15,181 - [File:log.octCtrl]Parsing:[line#9]Mar 16 14:12:20.403 [ETC] [ID=1][core#17] WQE dump       : 0x3A00120000000000 0x005A21E108401EC6
DEBUG:2016-05-30 22:17:15,182 - [File:log.octCtrl]Parsing:[line#10]Mar 16 14:12:20.403 [ETC] [ID=1][core#17]                  0x01128FA084010400 0x08077200FF7CF88E
DEBUG:2016-05-30 22:17:15,182 - [File:log.octCtrl]Parsing:[line#11]Mar 16 14:12:20.403 [ETC] [ID=1][core#17]                  0x0000000000003333 0xFF000100000825A4
DEBUG:2016-05-30 22:17:15,182 - [File:log.octCtrl]Parsing:[line#12]Mar 16 14:12:20.403 [ETC] [ID=1][core#17]                  0x66F181000FA086DD 0x6000000000203AFF
DEBUG:2016-05-30 22:17:15,182 - [File:log.octCtrl]Parsing:[line#13]Mar 16 14:12:20.403 [ETC] [ID=1][core#17]                  0x3FFFA26F00000000 0x00000000A26F0A33
DEBUG:2016-05-30 22:17:15,182 - [File:log.octCtrl]Parsing:[line#14]Mar 16 14:12:20.403 [ETC] [ID=1][core#17]                  0xFF02000000000000 0x00000001FF000100
DEBUG:2016-05-30 22:17:15,183 - [File:log.octCtrl]Parsing:[line#15]Mar 16 14:12:20.403 [ETC] [ID=1][core#17]                  0x8700788100000000 0x3FFFA36F00000000
DEBUG:2016-05-30 22:17:15,183 - [File:log.octCtrl]Parsing:[line#16]Mar 16 14:12:20.403 [ETC] [ID=1][core#17]                  0x0000000000000100 0x0101000825A466F1
DEBUG:2016-05-30 22:17:15,183 - [File:log.octCtrl]Parsing:[line#17]Mar 16 14:12:20.403 [ETC] [ID=1][core#17]    Buffer Start: ff7cf800
DEBUG:2016-05-30 22:17:15,183 - [File:log.octCtrl]Parsing:[line#18]Mar 16 14:12:20.403 [ETC] [ID=1][core#17]    Buffer I    : 0
DEBUG:2016-05-30 22:17:15,183 - [File:log.octCtrl]Parsing:[line#19]Mar 16 14:12:20.403 [ETC] [ID=1][core#17]    Buffer Back : 1
DEBUG:2016-05-30 22:17:15,183 - [File:log.octCtrl]Parsing:[line#20]Mar 16 14:12:20.403 [ETC] [ID=1][core#17]    Buffer Pool : 0
DEBUG:2016-05-30 22:17:15,184 - [File:log.octCtrl]Parsing:[line#21]Mar 16 14:12:20.403 [ETC] [ID=1][core#17]    Buffer Data : ff7cf88e
DEBUG:2016-05-30 22:17:15,184 - [File:log.octCtrl]Parsing:[line#22]Mar 16 14:12:20.403 [ETC] [ID=1][core#17]    Buffer Size : 1906
DEBUG:2016-05-30 22:17:15,184 - [File:log.octCtrl]Parsing:[line#23]Mar 16 14:12:20.403 [ETC] [ID=1][core#17]    3333ff00 01000008 25a466f1 81000fa0 86dd6000 00000020 3aff3fff a26f0000
DEBUG:2016-05-30 22:17:15,184 - [File:log.octCtrl]Parsing:[line#24]Mar 16 14:12:20.403 [ETC] [ID=1][core#17]    00000000 0000a26f 0a33ff02 00000000 00000000 0001ff00 01008700 78810000
DEBUG:2016-05-30 22:17:15,184 - [File:log.octCtrl]Parsing:[line#25]Mar 16 14:12:20.403 [ETC] [ID=1][core#17]    00003fff a36f0000 00000000 00000000 01000101 000825a4 66f1
DEBUG:2016-05-30 22:17:15,184 - [File:log.octCtrl]Parsing:[line#26]Mar 16 14:12:20.403 [ETC] [ID=1][core#17]
DEBUG:2016-05-30 22:17:15,185 - [File:log.octCtrl]Parsing:[line#27]Mar 16 14:12:20.403 [ETC] [ID=1][core#17] ppx_tx_pkt_np_athena: rxPort: Wire(2112) txPort: NP(1) Total Bytes: 88
DEBUG:2016-05-30 22:17:15,185 - [File:log.octCtrl]Parsing:[line#28]Mar 16 14:12:20.403 [ETC] [ID=1][core#17] ppx_dump_data: size: 88, dump data size: 88
DEBUG:2016-05-30 22:17:15,185 - [File:log.octCtrl]Parsing:[line#29]Mar 16 14:12:20.403 [ETC] [ID=1][core#17]
DEBUG:2016-05-30 22:17:15,185 - [File:log.octCtrl]Parsing:[line#30]Mar 16 14:12:20.403 [ETC] [ID=1][core#17] ff7cf890: 0012ffffff050000 000000010fa00fa0 6000000000203aff 3fffa26f00000000
DEBUG:2016-05-30 22:17:15,185 - [File:log.octCtrl]Parsing:[line#31]Mar 16 14:12:20.403 [ETC] [ID=1][core#17] ff7cf8b0: 00000000a26f0a33 ff02000000000000 00000001ff000100 8700788100000000
DEBUG:2016-05-30 22:17:15,185 - [File:log.octCtrl]Parsing:[line#32]Mar 16 14:12:20.403 [ETC] [ID=1][core#17] ff7cf8d0: 3fffa36f00000000 0000000000000100 0101000825a466f1
DEBUG:2016-05-30 22:17:15,186 - [File:log.octCtrl]Parsing:[line#33]Mar 16 14:12:20.403 [ETC] [ID=1][core#17]
DEBUG:2016-05-30 22:17:15,186 - [File:log.octCtrl]Parsing:[line#34]Mar 16 14:12:25.397 [ETC] [ID=1][core#10]
DEBUG:2016-05-30 22:17:15,186 - [File:log.octCtrl]Parsing:[line#35]Mar 16 14:12:25.397 [ETC] [ID=1][core#10] Input WQE Data: rxPort: 2112 len: 90 tag: 138419910(8401ec6)
DEBUG:2016-05-30 22:17:15,186 - [File:log.octCtrl]Parsing:[line#36]Mar 16 14:12:25.397 [ETC] [ID=1][core#10] cvmx_dump_wqe: WQE @ 84fd580
DEBUG:2016-05-30 22:17:15,186 - [File:log.octCtrl]Parsing:[line#37]Mar 16 14:12:25.397 [ETC] [ID=1][core#10] WQE WORD0: 0x3a00120000000000
DEBUG:2016-05-30 22:17:15,186 - [File:log.octCtrl]Parsing:[line#38]Mar 16 14:12:25.397 [ETC] [ID=1][core#10]          : l4ptr: 58 l3ptr: 18 l2ptr: 18 pknd: 0 bpid: 0
DEBUG:2016-05-30 22:17:15,187 - [File:log.octCtrl]Parsing:[line#39]Mar 16 14:12:25.397 [ETC] [ID=1][core#10] WQE WORD1: 0x005a21e108401ec6
DEBUG:2016-05-30 22:17:15,187 - [File:log.octCtrl]Parsing:[line#40]Mar 16 14:12:25.397 [ETC] [ID=1][core#10]          : len: 90 ipprt: 2112 qos: 2 grp: 15 tag_type: 1 tag: 8401ec6
DEBUG:2016-05-30 22:17:15,187 - [File:log.octCtrl]Parsing:[line#41]Mar 16 14:12:25.397 [ETC] [ID=1][core#10] WQE WORD2: 0x01128fa084010400
DEBUG:2016-05-30 22:17:15,187 - [File:log.octCtrl]Parsing:[line#42]Mar 16 14:12:25.397 [ETC] [ID=1][core#10]          : Buffs: 1 IP_offset: 18 VLAN: 1 TCP/UDP: 0 IP: 1 core: 10
DEBUG:2016-05-30 22:17:15,187 - [File:log.octCtrl]Parsing:[line#43]Mar 16 14:12:25.397 [ETC] [ID=1][core#10] WQE dump       : 0x3A00120000000000 0x005A21E108401EC6
DEBUG:2016-05-30 22:17:15,187 - [File:log.octCtrl]Parsing:[line#44]Mar 16 14:12:25.397 [ETC] [ID=1][core#10]                  0x01128FA084010400 0x08077200FF7C508E
DEBUG:2016-05-30 22:17:15,188 - [File:log.octCtrl]Parsing:[line#45]Mar 16 14:12:25.397 [ETC] [ID=1][core#10]                  0x0000000000003333 0xFF000100000825A4
DEBUG:2016-05-30 22:17:15,188 - [File:log.octCtrl]Parsing:[line#46]Mar 16 14:12:25.397 [ETC] [ID=1][core#10]                  0x66F181000FA086DD 0x6000000000203AFF
DEBUG:2016-05-30 22:17:15,188 - [File:log.octCtrl]Parsing:[line#47]Mar 16 14:12:25.397 [ETC] [ID=1][core#10]                  0x3FFFA26F00000000 0x00000000A26F0A33
DEBUG:2016-05-30 22:17:15,188 - [File:log.octCtrl]Parsing:[line#48]Mar 16 14:12:25.397 [ETC] [ID=1][core#10]                  0xFF02000000000000 0x00000001FF000100
DEBUG:2016-05-30 22:17:15,188 - [File:log.octCtrl]Parsing:[line#49]Mar 16 14:12:25.397 [ETC] [ID=1][core#10]                  0x8700788100000000 0x3FFFA36F00000000
DEBUG:2016-05-30 22:17:15,189 - [File:log.octCtrl]Parsing:[line#50]Mar 16 14:12:25.397 [ETC] [ID=1][core#10]                  0x0000000000000100 0x0101000825A466F1
DEBUG:2016-05-30 22:17:15,189 - [File:log.octCtrl]Parsing:[line#51]Mar 16 14:12:25.397 [ETC] [ID=1][core#10]    Buffer Start: ff7c5000
DEBUG:2016-05-30 22:17:15,189 - [File:log.octCtrl]Parsing:[line#52]Mar 16 14:12:25.397 [ETC] [ID=1][core#10]    Buffer I    : 0
DEBUG:2016-05-30 22:17:15,189 - [File:log.octCtrl]Parsing:[line#53]Mar 16 14:12:25.397 [ETC] [ID=1][core#10]    Buffer Back : 1
DEBUG:2016-05-30 22:17:15,189 - [File:log.octCtrl]Parsing:[line#54]Mar 16 14:12:25.397 [ETC] [ID=1][core#10]    Buffer Pool : 0
DEBUG:2016-05-30 22:17:15,189 - [File:log.octCtrl]Parsing:[line#55]Mar 16 14:12:25.397 [ETC] [ID=1][core#10]    Buffer Data : ff7c508e
DEBUG:2016-05-30 22:17:15,190 - [File:log.octCtrl]Parsing:[line#56]Mar 16 14:12:25.397 [ETC] [ID=1][core#10]    Buffer Size : 1906
DEBUG:2016-05-30 22:17:15,190 - [File:log.octCtrl]Parsing:[line#57]Mar 16 14:12:25.397 [ETC] [ID=1][core#10]    3333ff00 01000008 25a466f1 81000fa0 86dd6000 00000020 3aff3fff a26f0000
DEBUG:2016-05-30 22:17:15,190 - [File:log.octCtrl]Parsing:[line#58]Mar 16 14:12:25.397 [ETC] [ID=1][core#10]    00000000 0000a26f 0a33ff02 00000000 00000000 0001ff00 01008700 78810000
DEBUG:2016-05-30 22:17:15,190 - [File:log.octCtrl]Parsing:[line#59]Mar 16 14:12:25.397 [ETC] [ID=1][core#10]    00003fff a36f0000 00000000 00000000 01000101 000825a4 66f1
DEBUG:2016-05-30 22:17:15,190 - [File:log.octCtrl]Parsing:[line#60]Mar 16 14:12:25.397 [ETC] [ID=1][core#10]
DEBUG:2016-05-30 22:17:15,191 - [File:log.octCtrl]Parsing:[line#61]Mar 16 14:12:25.397 [ETC] [ID=1][core#10] ppx_tx_pkt_np_athena: rxPort: Wire(2112) txPort: NP(1) Total Bytes: 88
DEBUG:2016-05-30 22:17:15,191 - [File:log.octCtrl]Parsing:[line#62]Mar 16 14:12:25.397 [ETC] [ID=1][core#10] ppx_dump_data: size: 88, dump data size: 88
DEBUG:2016-05-30 22:17:15,191 - [File:log.octCtrl]Parsing:[line#63]Mar 16 14:12:25.397 [ETC] [ID=1][core#10]
DEBUG:2016-05-30 22:17:15,191 - [File:log.octCtrl]Parsing:[line#64]Mar 16 14:12:25.397 [ETC] [ID=1][core#10] ff7c5090: 0012ffffff050000 000000010fa00fa0 6000000000203aff 3fffa26f00000000
DEBUG:2016-05-30 22:17:15,191 - [File:log.octCtrl]Parsing:[line#65]Mar 16 14:12:25.397 [ETC] [ID=1][core#10] ff7c50b0: 00000000a26f0a33 ff02000000000000 00000001ff000100 8700788100000000
DEBUG:2016-05-30 22:17:15,191 - [File:log.octCtrl]Parsing:[line#66]Mar 16 14:12:25.397 [ETC] [ID=1][core#10] ff7c50d0: 3fffa36f00000000 0000000000000100 0101000825a466f1
DEBUG:2016-05-30 22:17:15,192 - [File:log.octCtrl]Parsing:[line#67]Mar 16 14:12:25.397 [ETC] [ID=1][core#10]
DEBUG:2016-05-30 22:17:15,192 - [File:log.octCtrl]Parsing:[line#68]Mar 16 14:12:25.961 [ETC] [ID=0][core#13]
DEBUG:2016-05-30 22:17:15,192 - [File:log.octCtrl]Parsing:[line#69]Mar 16 14:12:25.961 [ETC] [ID=0][core#13] Input WQE Data: rxPort: 2880 len: 228 tag: 3(3)
DEBUG:2016-05-30 22:17:15,192 - [File:log.octCtrl]Parsing:[line#70]Mar 16 14:12:25.961 [ETC] [ID=0][core#13] cvmx_dump_wqe: WQE @ 84fd300
DEBUG:2016-05-30 22:17:15,192 - [File:log.octCtrl]Parsing:[line#71]Mar 16 14:12:25.961 [ETC] [ID=0][core#13] WQE WORD0: 0x3000080000000101
DEBUG:2016-05-30 22:17:15,192 - [File:log.octCtrl]Parsing:[line#72]Mar 16 14:12:25.961 [ETC] [ID=0][core#13]          : l4ptr: 48 l3ptr: 8 l2ptr: 8 pknd: 1 bpid: 1
DEBUG:2016-05-30 22:17:15,193 - [File:log.octCtrl]Parsing:[line#73]Mar 16 14:12:25.961 [ETC] [ID=0][core#13] WQE WORD1: 0x00e4110100000003
DEBUG:2016-05-30 22:17:15,193 - [File:log.octCtrl]Parsing:[line#74]Mar 16 14:12:25.961 [ETC] [ID=0][core#13]          : len: 228 ipprt: 2880 qos: 1 grp: 8 tag_type: 1 tag: 3
DEBUG:2016-05-30 22:17:15,193 - [File:log.octCtrl]Parsing:[line#75]Mar 16 14:12:25.961 [ETC] [ID=0][core#13] WQE WORD2: 0x01080000b4050000
DEBUG:2016-05-30 22:17:15,193 - [File:log.octCtrl]Parsing:[line#76]Mar 16 14:12:25.961 [ETC] [ID=0][core#13]          : Buffs: 1 IP_offset: 8 VLAN: 0 TCP/UDP: 1 IP: 1 core: 13
DEBUG:2016-05-30 22:17:15,193 - [File:log.octCtrl]Parsing:[line#77]Mar 16 14:12:25.961 [ETC] [ID=0][core#13] WQE dump       : 0x3000080000000101 0x00E4110100000003
DEBUG:2016-05-30 22:17:15,193 - [File:log.octCtrl]Parsing:[line#78]Mar 16 14:12:25.961 [ETC] [ID=0][core#13]                  0x01080000B4050000 0x08077800FF7C3088
DEBUG:2016-05-30 22:17:15,194 - [File:log.octCtrl]Parsing:[line#79]Mar 16 14:12:25.961 [ETC] [ID=0][core#13]                  0x0000000000000000 0x0000000000000000
DEBUG:2016-05-30 22:17:15,194 - [File:log.octCtrl]Parsing:[line#80]Mar 16 14:12:25.961 [ETC] [ID=0][core#13]                  0x820800C100000003 0x6000000000B41140
DEBUG:2016-05-30 22:17:15,194 - [File:log.octCtrl]Parsing:[line#81]Mar 16 14:12:25.961 [ETC] [ID=0][core#13]                  0x3FFFA26F00000000 0x0000000000000100
DEBUG:2016-05-30 22:17:15,194 - [File:log.octCtrl]Parsing:[line#82]Mar 16 14:12:25.961 [ETC] [ID=0][core#13]                  0x3FFFA26F00000000 0x00000000A26F0233
DEBUG:2016-05-30 22:17:15,194 - [File:log.octCtrl]Parsing:[line#83]Mar 16 14:12:25.961 [ETC] [ID=0][core#13]                  0x04D215B300B4EA1A 0x800065C6C7DBDEB9
DEBUG:2016-05-30 22:17:15,194 - [File:log.octCtrl]Parsing:[line#84]Mar 16 14:12:25.961 [ETC] [ID=0][core#13]                  0x030A0000FFFFFFFF 0xFFFFFFFFFFFFFFFF
DEBUG:2016-05-30 22:17:15,195 - [File:log.octCtrl]Parsing:[line#85]Mar 16 14:12:25.961 [ETC] [ID=0][core#13]    Buffer Start: ff7c3000
DEBUG:2016-05-30 22:17:15,195 - [File:log.octCtrl]Parsing:[line#86]Mar 16 14:12:25.961 [ETC] [ID=0][core#13]    Buffer I    : 0
DEBUG:2016-05-30 22:17:15,195 - [File:log.octCtrl]Parsing:[line#87]Mar 16 14:12:25.961 [ETC] [ID=0][core#13]    Buffer Back : 1
DEBUG:2016-05-30 22:17:15,195 - [File:log.octCtrl]Parsing:[line#88]Mar 16 14:12:25.961 [ETC] [ID=0][core#13]    Buffer Pool : 0
DEBUG:2016-05-30 22:17:15,195 - [File:log.octCtrl]Parsing:[line#89]Mar 16 14:12:25.961 [ETC] [ID=0][core#13]    Buffer Data : ff7c3088
DEBUG:2016-05-30 22:17:15,196 - [File:log.octCtrl]Parsing:[line#90]Mar 16 14:12:25.961 [ETC] [ID=0][core#13]    Buffer Size : 1912
DEBUG:2016-05-30 22:17:15,196 - [File:log.octCtrl]Parsing:[line#91]Mar 16 14:12:25.961 [ETC] [ID=0][core#13]    820800c1 00000003 60000000 00b41140 3fffa26f 00000000 00000000 00000100
DEBUG:2016-05-30 22:17:15,196 - [File:log.octCtrl]Parsing:[line#92]Mar 16 14:12:25.961 [ETC] [ID=0][core#13]    3fffa26f 00000000 00000000 a26f0233 04d215b3 00b4ea1a 800065c6 c7dbdeb9
DEBUG:2016-05-30 22:17:15,197 - [File:log.octCtrl]Parsing:[line#93]Mar 16 14:12:25.961 [ETC] [ID=0][core#13]    030a0000 ffffffff ffffffff ffffffff ffffffff ffffffff ffffffff ffffffff
DEBUG:2016-05-30 22:17:15,197 - [File:log.octCtrl]Parsing:[line#94]Mar 16 14:12:25.961 [ETC] [ID=0][core#13]    ffffffff ffffffff ffffffff ffffffff ffffffff ffffffff ffffffff ffffffff
DEBUG:2016-05-30 22:17:15,197 - [File:log.octCtrl]Parsing:[line#95]Mar 16 14:12:25.961 [ETC] [ID=0][core#13]    ffffffff ffffffff ffffffff ffffffff ffffffff ffffffff ffffffff ffffffff
DEBUG:2016-05-30 22:17:15,197 - [File:log.octCtrl]Parsing:[line#96]Mar 16 14:12:25.961 [ETC] [ID=0][core#13]    ffffffff ffffffff ffffffff ffffffff ffffffff ffffffff ffffffff ffffffff
DEBUG:2016-05-30 22:17:15,197 - [File:log.octCtrl]Parsing:[line#97]Mar 16 14:12:25.961 [ETC] [ID=0][core#13]    ffffffff ffffffff ffffffff ffffffff ffffffff ffffffff ffffffff ffffffff
DEBUG:2016-05-30 22:17:15,198 - [File:log.octCtrl]Parsing:[line#98]Mar 16 14:12:25.961 [ETC] [ID=0][core#13]
DEBUG:2016-05-30 22:17:15,198 - [File:log.octCtrl]Parsing:[line#99]Mar 16 14:12:25.961 [ETC] [ID=0][core#13]
DEBUG:2016-05-30 22:17:15,198 - [File:log.octCtrl]Parsing:[line#100]Mar 16 14:12:25.961 [ETC] [ID=0][core#13] [2048][3131908077667] ppm_transport_packet_process: flow-id 3, swp:0x84fd300, packet_ptr:0xff7c3090
DEBUG:2016-05-30 22:17:15,198 - [File:log.octCtrl]Parsing:[line#101]Mar 16 14:12:25.961 [ETC] [ID=0][core#13] [2048][3131908084048] ppm_transport_packet_process: calling ppm_transport_packet_process_from_network()
DEBUG:2016-05-30 22:17:15,198 - [File:log.octCtrl]Parsing:[line#102]Mar 16 14:12:25.961 [ETC] [ID=0][core#13] [2048][3131908088779] ppm_transport_packet_process_from_network: -----------------  ENTRY ------------------- vlan:4000
DEBUG:2016-05-30 22:17:15,198 - [File:log.octCtrl]Parsing:[line#103]Mar 16 14:12:25.961 [ETC] [ID=0][core#13] [2048][3131908095126] ppm_transport_packet_process_from_network: NEW swp:0x683fdc00 now being used !!
DEBUG:2016-05-30 22:17:15,199 - [File:log.octCtrl]Parsing:[line#104]Mar 16 14:12:25.961 [ETC] [ID=0][core#13] [2048][3131908099634] flow: 3 recv ipv6 packet
DEBUG:2016-05-30 22:17:15,199 - [File:log.octCtrl]Parsing:[line#105]Mar 16 14:12:25.961 [ETC] [ID=0][core#13] [2048][3131908103405] flow-id: 3, ipv6, udp
DEBUG:2016-05-30 22:17:15,199 - [File:log.octCtrl]Parsing:[line#106]Mar 16 14:12:25.961 [ETC] [ID=0][core#13] [2048][3131908110842] ppm_transport_packet_process: drop
DEBUG:2016-05-30 22:17:15,199 - [File:log.octCtrl]Parsing:[line#107]Mar 16 14:12:25.961 [ETC] [ID=0][core#13] [00][3131908114645] TRANSPORT(11) process took packet, aborting loop; Index: 3
DEBUG:2016-05-30 22:17:15,199 - [File:log.octCtrl]Parsing:[line#108]Mar 16 14:12:25.961 [ETC] [ID=0][core#13] [00][3131908120404] TRANSPORT(11) pocess requested to drop the pkt. index: 3
DEBUG:2016-05-30 22:17:15,200 - [File:log.octCtrl]Parsing:[line#109]Mar 16 14:12:25.962 [ETC] [ID=1][core#18]
DEBUG:2016-05-30 22:17:15,200 - [File:log.octCtrl]Parsing:[line#110]Mar 16 14:12:25.962 [ETC] [ID=1][core#18] Input WQE Data: rxPort: 2112 len: 238 tag: 138438681(8406819)
DEBUG:2016-05-30 22:17:15,200 - [File:log.octCtrl]Parsing:[line#111]Mar 16 14:12:25.962 [ETC] [ID=1][core#18] cvmx_dump_wqe: WQE @ 84fd400
DEBUG:2016-05-30 22:17:15,200 - [File:log.octCtrl]Parsing:[line#112]Mar 16 14:12:25.962 [ETC] [ID=1][core#18] WQE WORD0: 0x3a00120000000000
DEBUG:2016-05-30 22:17:15,200 - [File:log.octCtrl]Parsing:[line#113]Mar 16 14:12:25.962 [ETC] [ID=1][core#18]          : l4ptr: 58 l3ptr: 18 l2ptr: 18 pknd: 0 bpid: 0
DEBUG:2016-05-30 22:17:15,200 - [File:log.octCtrl]Parsing:[line#114]Mar 16 14:12:25.962 [ETC] [ID=1][core#18] WQE WORD1: 0x00ee21e108406819
DEBUG:2016-05-30 22:17:15,201 - [File:log.octCtrl]Parsing:[line#115]Mar 16 14:12:25.962 [ETC] [ID=1][core#18]          : len: 238 ipprt: 2112 qos: 2 grp: 15 tag_type: 1 tag: 8406819
DEBUG:2016-05-30 22:17:15,201 - [File:log.octCtrl]Parsing:[line#116]Mar 16 14:12:25.962 [ETC] [ID=1][core#18] WQE WORD2: 0x01128fa084050000
DEBUG:2016-05-30 22:17:15,201 - [File:log.octCtrl]Parsing:[line#117]Mar 16 14:12:25.962 [ETC] [ID=1][core#18]          : Buffs: 1 IP_offset: 18 VLAN: 1 TCP/UDP: 1 IP: 1 core: 18
DEBUG:2016-05-30 22:17:15,201 - [File:log.octCtrl]Parsing:[line#118]Mar 16 14:12:25.962 [ETC] [ID=1][core#18] WQE dump       : 0x3A00120000000000 0x00EE21E108406819
DEBUG:2016-05-30 22:17:15,201 - [File:log.octCtrl]Parsing:[line#119]Mar 16 14:12:25.962 [ETC] [ID=1][core#18]                  0x01128FA084050000 0x08077200FF7C388E
DEBUG:2016-05-30 22:17:15,201 - [File:log.octCtrl]Parsing:[line#120]Mar 16 14:12:25.962 [ETC] [ID=1][core#18]                  0x0000000000000008 0x25060AE10021F669
DEBUG:2016-05-30 22:17:15,202 - [File:log.octCtrl]Parsing:[line#121]Mar 16 14:12:25.962 [ETC] [ID=1][core#18]                  0x02AB81000FA086DD 0x6000000000B41140
DEBUG:2016-05-30 22:17:15,202 - [File:log.octCtrl]Parsing:[line#122]Mar 16 14:12:25.962 [ETC] [ID=1][core#18]                  0x3FFFA26F00000000 0x0000000000000100
DEBUG:2016-05-30 22:17:15,202 - [File:log.octCtrl]Parsing:[line#123]Mar 16 14:12:25.962 [ETC] [ID=1][core#18]                  0x3FFFA26F00000000 0x00000000A26F0233
DEBUG:2016-05-30 22:17:15,202 - [File:log.octCtrl]Parsing:[line#124]Mar 16 14:12:25.962 [ETC] [ID=1][core#18]                  0x04D215B300B4EA1A 0x800065C6C7DBDEB9
DEBUG:2016-05-30 22:17:15,202 - [File:log.octCtrl]Parsing:[line#125]Mar 16 14:12:25.962 [ETC] [ID=1][core#18]                  0x030A0000FFFFFFFF 0xFFFFFFFFFFFFFFFF
DEBUG:2016-05-30 22:17:15,202 - [File:log.octCtrl]Parsing:[line#126]Mar 16 14:12:25.962 [ETC] [ID=1][core#18]    Buffer Start: ff7c3800
DEBUG:2016-05-30 22:17:15,203 - [File:log.octCtrl]Parsing:[line#127]Mar 16 14:12:25.962 [ETC] [ID=1][core#18]    Buffer I    : 0
DEBUG:2016-05-30 22:17:15,203 - [File:log.octCtrl]Parsing:[line#128]Mar 16 14:12:25.962 [ETC] [ID=1][core#18]    Buffer Back : 1
DEBUG:2016-05-30 22:17:15,203 - [File:log.octCtrl]Parsing:[line#129]Mar 16 14:12:25.962 [ETC] [ID=1][core#18]    Buffer Pool : 0
DEBUG:2016-05-30 22:17:15,203 - [File:log.octCtrl]Parsing:[line#130]Mar 16 14:12:25.962 [ETC] [ID=1][core#18]    Buffer Data : ff7c388e
DEBUG:2016-05-30 22:17:15,203 - [File:log.octCtrl]Parsing:[line#131]Mar 16 14:12:25.962 [ETC] [ID=1][core#18]    Buffer Size : 1906
DEBUG:2016-05-30 22:17:15,203 - [File:log.octCtrl]Parsing:[line#132]Mar 16 14:12:25.962 [ETC] [ID=1][core#18]    00082506 0ae10021 f66902ab 81000fa0 86dd6000 000000b4 11403fff a26f0000
DEBUG:2016-05-30 22:17:15,204 - [File:log.octCtrl]Parsing:[line#133]Mar 16 14:12:25.962 [ETC] [ID=1][core#18]    00000000 00000000 01003fff a26f0000 00000000 0000a26f 023304d2 15b300b4
DEBUG:2016-05-30 22:17:15,204 - [File:log.octCtrl]Parsing:[line#134]Mar 16 14:12:25.962 [ETC] [ID=1][core#18]    ea1a8000 65c6c7db deb9030a 0000ffff ffffffff ffffffff ffffffff ffffffff
DEBUG:2016-05-30 22:17:15,204 - [File:log.octCtrl]Parsing:[line#135]Mar 16 14:12:25.962 [ETC] [ID=1][core#18]    ffffffff ffffffff ffffffff ffffffff ffffffff ffffffff ffffffff ffffffff
DEBUG:2016-05-30 22:17:15,204 - [File:log.octCtrl]Parsing:[line#136]Mar 16 14:12:25.962 [ETC] [ID=1][core#18]    ffffffff ffffffff ffffffff ffffffff ffffffff ffffffff ffffffff ffffffff
DEBUG:2016-05-30 22:17:15,204 - [File:log.octCtrl]Parsing:[line#137]Mar 16 14:12:25.962 [ETC] [ID=1][core#18]    ffffffff ffffffff ffffffff ffffffff ffffffff ffffffff ffffffff ffffffff
DEBUG:2016-05-30 22:17:15,205 - [File:log.octCtrl]Parsing:[line#138]Mar 16 14:12:25.962 [ETC] [ID=1][core#18]    ffffffff ffffffff ffffffff ffffffff ffffffff ffffffff ffffffff ffffffff
DEBUG:2016-05-30 22:17:15,205 - [File:log.octCtrl]Parsing:[line#139]Mar 16 14:12:25.962 [ETC] [ID=1][core#18]
DEBUG:2016-05-30 22:17:15,205 - [File:log.octCtrl]Parsing:[line#140]Mar 16 14:12:25.962 [ETC] [ID=1][core#18]
DEBUG:2016-05-30 22:17:15,205 - [File:log.octCtrl]Parsing:[line#141]Mar 16 14:12:25.962 [ETC] [ID=1][core#18] ppx_tx_pkt_np_athena: rxPort: Wire(2112) txPort: NP(1) Total Bytes: 236
DEBUG:2016-05-30 22:17:15,206 - [File:log.octCtrl]Parsing:[line#142]Mar 16 14:12:25.962 [ETC] [ID=1][core#18] ppx_dump_data: size: 236, dump data size: 236
DEBUG:2016-05-30 22:17:15,206 - [File:log.octCtrl]Parsing:[line#143]Mar 16 14:12:25.962 [ETC] [ID=1][core#18]
DEBUG:2016-05-30 22:17:15,206 - [File:log.octCtrl]Parsing:[line#144]Mar 16 14:12:25.962 [ETC] [ID=1][core#18] ff7c3890: 001e000003050000 000000010fa00fa0 6000000000b41140 3fffa26f00000000
DEBUG:2016-05-30 22:17:15,206 - [File:log.octCtrl]Parsing:[line#145]Mar 16 14:12:25.962 [ETC] [ID=1][core#18] ff7c38b0: 0000000000000100 3fffa26f00000000 00000000a26f0233 04d215b300b4ea1a
DEBUG:2016-05-30 22:17:15,206 - [File:log.octCtrl]Parsing:[line#146]Mar 16 14:12:25.962 [ETC] [ID=1][core#18] ff7c38d0: 800065c6c7dbdeb9 030a0000ffffffff ffffffffffffffff ffffffffffffffff
DEBUG:2016-05-30 22:17:15,206 - [File:log.octCtrl]Parsing:[line#147]Mar 16 14:12:25.962 [ETC] [ID=1][core#18] ff7c38f0: ffffffffffffffff ffffffffffffffff ffffffffffffffff ffffffffffffffff
DEBUG:2016-05-30 22:17:15,207 - [File:log.octCtrl]Parsing:[line#148]Mar 16 14:12:25.962 [ETC] [ID=1][core#18] ff7c3910: ffffffffffffffff ffffffffffffffff ffffffffffffffff ffffffffffffffff
DEBUG:2016-05-30 22:17:15,207 - [File:log.octCtrl]Parsing:[line#149]Mar 16 14:12:25.962 [ETC] [ID=1][core#18] ff7c3930: ffffffffffffffff ffffffffffffffff ffffffffffffffff ffffffffffffffff
DEBUG:2016-05-30 22:17:15,207 - [File:log.octCtrl]Parsing:[line#150]Mar 16 14:12:25.962 [ETC] [ID=1][core#18] ff7c3950: ffffffffffffffff ffffffffffffffff ffffffffffffffff ffffffffffffffff
DEBUG:2016-05-30 22:17:15,207 - [File:log.octCtrl]Parsing:[line#151]Mar 16 14:12:25.962 [ETC] [ID=1][core#18] ff7c3970: ffffffffffffffff ffffffff
DEBUG:2016-05-30 22:17:15,207 - [File:log.octCtrl]Parsing:[line#152]Mar 16 14:12:25.962 [ETC] [ID=1][core#18]
DEBUG:2016-05-30 22:17:15,207 - [File:log.octCtrl]Parsing:[line#153]Mar 16 14:12:25.987 [ETC] [ID=1][core#6 ]
DEBUG:2016-05-30 22:17:15,208 - [File:log.octCtrl]Parsing:[line#154]Mar 16 14:12:25.987 [ETC] [ID=1][core#6 ] Input WQE Data: rxPort: 2880 len: 228 tag: 67108868(4000004)
DEBUG:2016-05-30 22:17:15,208 - [File:log.octCtrl]Parsing:[line#155]Mar 16 14:12:25.987 [ETC] [ID=1][core#6 ] cvmx_dump_wqe: WQE @ 84fd380
DEBUG:2016-05-30 22:17:15,208 - [File:log.octCtrl]Parsing:[line#156]Mar 16 14:12:25.987 [ETC] [ID=1][core#6 ] WQE WORD0: 0x3000080000000101
DEBUG:2016-05-30 22:17:15,208 - [File:log.octCtrl]Parsing:[line#157]Mar 16 14:12:25.987 [ETC] [ID=1][core#6 ]          : l4ptr: 48 l3ptr: 8 l2ptr: 8 pknd: 1 bpid: 1
DEBUG:2016-05-30 22:17:15,208 - [File:log.octCtrl]Parsing:[line#158]Mar 16 14:12:25.987 [ETC] [ID=1][core#6 ] WQE WORD1: 0x00e4110104000004
DEBUG:2016-05-30 22:17:15,208 - [File:log.octCtrl]Parsing:[line#159]Mar 16 14:12:25.987 [ETC] [ID=1][core#6 ]          : len: 228 ipprt: 2880 qos: 1 grp: 8 tag_type: 1 tag: 4000004
DEBUG:2016-05-30 22:17:15,209 - [File:log.octCtrl]Parsing:[line#160]Mar 16 14:12:25.987 [ETC] [ID=1][core#6 ] WQE WORD2: 0x01080000b4050000
DEBUG:2016-05-30 22:17:15,209 - [File:log.octCtrl]Parsing:[line#161]Mar 16 14:12:25.987 [ETC] [ID=1][core#6 ]          : Buffs: 1 IP_offset: 8 VLAN: 0 TCP/UDP: 1 IP: 1 core: 6
DEBUG:2016-05-30 22:17:15,209 - [File:log.octCtrl]Parsing:[line#162]Mar 16 14:12:25.987 [ETC] [ID=1][core#6 ] WQE dump       : 0x3000080000000101 0x00E4110104000004
DEBUG:2016-05-30 22:17:15,209 - [File:log.octCtrl]Parsing:[line#163]Mar 16 14:12:25.987 [ETC] [ID=1][core#6 ]                  0x01080000B4050000 0x08077800FF7BD888
DEBUG:2016-05-30 22:17:15,209 - [File:log.octCtrl]Parsing:[line#164]Mar 16 14:12:25.987 [ETC] [ID=1][core#6 ]                  0x0000000000000000 0x0000000000000000
DEBUG:2016-05-30 22:17:15,210 - [File:log.octCtrl]Parsing:[line#165]Mar 16 14:12:25.987 [ETC] [ID=1][core#6 ]                  0x820800C104000004 0x6000000000B411FE
DEBUG:2016-05-30 22:17:15,210 - [File:log.octCtrl]Parsing:[line#166]Mar 16 14:12:25.987 [ETC] [ID=1][core#6 ]                  0x3FFFA26F00000000 0x00000000A26F0233
DEBUG:2016-05-30 22:17:15,210 - [File:log.octCtrl]Parsing:[line#167]Mar 16 14:12:25.987 [ETC] [ID=1][core#6 ]                  0x3FFFA26F00000000 0x0000000000000100
DEBUG:2016-05-30 22:17:15,210 - [File:log.octCtrl]Parsing:[line#168]Mar 16 14:12:25.987 [ETC] [ID=1][core#6 ]                  0x15B304D200B40000 0x800065C6C7DBDEB9
DEBUG:2016-05-30 22:17:15,210 - [File:log.octCtrl]Parsing:[line#169]Mar 16 14:12:25.987 [ETC] [ID=1][core#6 ]                  0x030A0000FFFFFFFF 0xFFFFFFFFFFFFFFFF
DEBUG:2016-05-30 22:17:15,210 - [File:log.octCtrl]Parsing:[line#170]Mar 16 14:12:25.987 [ETC] [ID=1][core#6 ]    Buffer Start: ff7bd800
DEBUG:2016-05-30 22:17:15,211 - [File:log.octCtrl]Parsing:[line#171]Mar 16 14:12:25.987 [ETC] [ID=1][core#6 ]    Buffer I    : 0
DEBUG:2016-05-30 22:17:15,211 - [File:log.octCtrl]Parsing:[line#172]Mar 16 14:12:25.987 [ETC] [ID=1][core#6 ]    Buffer Back : 1
DEBUG:2016-05-30 22:17:15,211 - [File:log.octCtrl]Parsing:[line#173]Mar 16 14:12:25.987 [ETC] [ID=1][core#6 ]    Buffer Pool : 0
DEBUG:2016-05-30 22:17:15,211 - [File:log.octCtrl]Parsing:[line#174]Mar 16 14:12:25.987 [ETC] [ID=1][core#6 ]    Buffer Data : ff7bd888
DEBUG:2016-05-30 22:17:15,211 - [File:log.octCtrl]Parsing:[line#175]Mar 16 14:12:25.987 [ETC] [ID=1][core#6 ]    Buffer Size : 1912
DEBUG:2016-05-30 22:17:15,211 - [File:log.octCtrl]Parsing:[line#176]Mar 16 14:12:25.987 [ETC] [ID=1][core#6 ]    820800c1 04000004 60000000 00b411fe 3fffa26f 00000000 00000000 a26f0233
DEBUG:2016-05-30 22:17:15,212 - [File:log.octCtrl]Parsing:[line#177]Mar 16 14:12:25.987 [ETC] [ID=1][core#6 ]    3fffa26f 00000000 00000000 00000100 15b304d2 00b40000 800065c6 c7dbdeb9
DEBUG:2016-05-30 22:17:15,212 - [File:log.octCtrl]Parsing:[line#178]Mar 16 14:12:25.987 [ETC] [ID=1][core#6 ]    030a0000 ffffffff ffffffff ffffffff ffffffff ffffffff ffffffff ffffffff
DEBUG:2016-05-30 22:17:15,212 - [File:log.octCtrl]Parsing:[line#179]Mar 16 14:12:25.987 [ETC] [ID=1][core#6 ]    ffffffff ffffffff ffffffff ffffffff ffffffff ffffffff ffffffff ffffffff
DEBUG:2016-05-30 22:17:15,212 - [File:log.octCtrl]Parsing:[line#180]Mar 16 14:12:25.987 [ETC] [ID=1][core#6 ]    ffffffff ffffffff ffffffff ffffffff ffffffff ffffffff ffffffff ffffffff
DEBUG:2016-05-30 22:17:15,212 - [File:log.octCtrl]Parsing:[line#181]Mar 16 14:12:25.987 [ETC] [ID=1][core#6 ]    ffffffff ffffffff ffffffff ffffffff ffffffff ffffffff ffffffff ffffffff
DEBUG:2016-05-30 22:17:15,213 - [File:log.octCtrl]Parsing:[line#182]Mar 16 14:12:25.987 [ETC] [ID=1][core#6 ]    ffffffff ffffffff ffffffff ffffffff ffffffff ffffffff ffffffff ffffffff
DEBUG:2016-05-30 22:17:15,213 - [File:log.octCtrl]Parsing:[line#183]Mar 16 14:12:25.987 [ETC] [ID=1][core#6 ]
DEBUG:2016-05-30 22:17:15,213 - [File:log.octCtrl]Parsing:[line#184]Mar 16 14:12:25.987 [ETC] [ID=1][core#6 ]
DEBUG:2016-05-30 22:17:15,213 - [File:log.octCtrl]Parsing:[line#185]Mar 16 14:12:25.987 [ETC] [ID=1][core#6 ] [00][3131859096402] ppx_cl2r_lookup: Starting lookup
DEBUG:2016-05-30 22:17:15,213 - [File:log.octCtrl]Parsing:[line#186]Mar 16 14:12:25.987 [ETC] [ID=1][core#6 ] [00][3131859100333] prepare_netif_key: NetIf Key: 0x0001 0fa0 01
DEBUG:2016-05-30 22:17:15,214 - [File:log.octCtrl]Parsing:[line#187]Mar 16 14:12:25.987 [ETC] [ID=1][core#6 ] [00][3131859106535] ppx_hashGet: iBucket = 1682
DEBUG:2016-05-30 22:17:15,214 - [File:log.octCtrl]Parsing:[line#188]Mar 16 14:12:25.987 [ETC] [ID=1][core#6 ] [00][3131859111055] ppx_cl2r_lookup: Packet dst addr is on-subnet
DEBUG:2016-05-30 22:17:15,214 - [File:log.octCtrl]Parsing:[line#189]Mar 16 14:12:25.987 [ETC] [ID=1][core#6 ] [00][3131859114618] ppx_cl2r_lookup: Network interface address:  0x0000000000000000 0000000000000000
DEBUG:2016-05-30 22:17:15,214 - [File:log.octCtrl]Parsing:[line#190]Mar 16 14:12:25.987 [ETC] [ID=1][core#6 ] [00][3131859120343] ppx_cl2r_lookup: Destination address: 0x3fffa26f00000000 0000000000000100
DEBUG:2016-05-30 22:17:15,214 - [File:log.octCtrl]Parsing:[line#191]Mar 16 14:12:25.987 [ETC] [ID=1][core#6 ] [00][3131859125752] prepare_l2_key: L2 Key: 0x3fffa26f00000000, 0x             100, 0x0001 0fa0
DEBUG:2016-05-30 22:17:15,215 - [File:log.octCtrl]Parsing:[line#192]Mar 16 14:12:25.987 [ETC] [ID=1][core#6 ] [00][3131859132351] ppx_hashGet: iBucket = 17064
DEBUG:2016-05-30 22:17:15,215 - [File:log.octCtrl]Parsing:[line#193]Mar 16 14:12:25.987 [ETC] [ID=1][core#6 ] ppx_tx_pkt_athena: rxPort: NP(2880) txPort: Wire(0) Total Bytes: 238
DEBUG:2016-05-30 22:17:15,215 - [File:log.octCtrl]Parsing:[line#194]Mar 16 14:12:25.987 [ETC] [ID=1][core#6 ] ppx_dump_data: size: 238, dump data size: 238
DEBUG:2016-05-30 22:17:15,215 - [File:log.octCtrl]Parsing:[line#195]Mar 16 14:12:25.987 [ETC] [ID=1][core#6 ]
DEBUG:2016-05-30 22:17:15,215 - [File:log.octCtrl]Parsing:[line#196]Mar 16 14:12:25.987 [ETC] [ID=1][core#6 ] ff7bd87e: 0021f66902ab0008 25060ae181000fa0 86dd6000000000b4 11fe3fffa26f0000
DEBUG:2016-05-30 22:17:15,216 - [File:log.octCtrl]Parsing:[line#197]Mar 16 14:12:25.987 [ETC] [ID=1][core#6 ] ff7bd89e: 000000000000a26f 02333fffa26f0000 0000000000000000 010015b304d200b4
DEBUG:2016-05-30 22:17:15,216 - [File:log.octCtrl]Parsing:[line#198]Mar 16 14:12:25.987 [ETC] [ID=1][core#6 ] ff7bd8be: 0000800065c6c7db deb9030a0000ffff ffffffffffffffff ffffffffffffffff
DEBUG:2016-05-30 22:17:15,216 - [File:log.octCtrl]Parsing:[line#199]Mar 16 14:12:25.987 [ETC] [ID=1][core#6 ] ff7bd8de: ffffffffffffffff ffffffffffffffff ffffffffffffffff ffffffffffffffff
DEBUG:2016-05-30 22:17:15,216 - [File:log.octCtrl]Parsing:[line#200]Mar 16 14:12:25.987 [ETC] [ID=1][core#6 ] ff7bd8fe: ffffffffffffffff ffffffffffffffff ffffffffffffffff ffffffffffffffff
DEBUG:2016-05-30 22:17:15,216 - [File:log.octCtrl]Parsing:[line#201]Mar 16 14:12:25.987 [ETC] [ID=1][core#6 ] ff7bd91e: ffffffffffffffff ffffffffffffffff ffffffffffffffff ffffffffffffffff
DEBUG:2016-05-30 22:17:15,216 - [File:log.octCtrl]Parsing:[line#202]Mar 16 14:12:25.987 [ETC] [ID=1][core#6 ] ff7bd93e: ffffffffffffffff ffffffffffffffff ffffffffffffffff ffffffffffffffff
DEBUG:2016-05-30 22:17:15,217 - [File:log.octCtrl]Parsing:[line#203]Mar 16 14:12:25.987 [ETC] [ID=1][core#6 ] ff7bd95e: ffffffffffffffff ffffffffffff
DEBUG:2016-05-30 22:17:15,217 - [File:log.octCtrl]Parsing:[line#204]Mar 16 14:12:25.987 [ETC] [ID=1][core#6 ]
DEBUG:2016-05-30 22:17:15,217 - [File:log.octCtrl]Parsing:[line#205]Mar 16 14:12:25.988 [ETC] [ID=1][core#8 ]
DEBUG:2016-05-30 22:17:15,217 - [File:log.octCtrl]Parsing:[line#206]Mar 16 14:12:25.988 [ETC] [ID=1][core#8 ] Input WQE Data: rxPort: 2112 len: 286 tag: 138441980(84074fc)
DEBUG:2016-05-30 22:17:15,217 - [File:log.octCtrl]Parsing:[line#207]Mar 16 14:12:25.988 [ETC] [ID=1][core#8 ] cvmx_dump_wqe: WQE @ 84fc880
DEBUG:2016-05-30 22:17:15,217 - [File:log.octCtrl]Parsing:[line#208]Mar 16 14:12:25.988 [ETC] [ID=1][core#8 ] WQE WORD0: 0x3a00120000000000
DEBUG:2016-05-30 22:17:15,218 - [File:log.octCtrl]Parsing:[line#209]Mar 16 14:12:25.988 [ETC] [ID=1][core#8 ]          : l4ptr: 58 l3ptr: 18 l2ptr: 18 pknd: 0 bpid: 0
DEBUG:2016-05-30 22:17:15,218 - [File:log.octCtrl]Parsing:[line#210]Mar 16 14:12:25.988 [ETC] [ID=1][core#8 ] WQE WORD1: 0x011e21e1084074fc
DEBUG:2016-05-30 22:17:15,218 - [File:log.octCtrl]Parsing:[line#211]Mar 16 14:12:25.988 [ETC] [ID=1][core#8 ]          : len: 286 ipprt: 2112 qos: 2 grp: 15 tag_type: 1 tag: 84074fc
DEBUG:2016-05-30 22:17:15,218 - [File:log.octCtrl]Parsing:[line#212]Mar 16 14:12:25.988 [ETC] [ID=1][core#8 ] WQE WORD2: 0x01128fa084010000
DEBUG:2016-05-30 22:17:15,218 - [File:log.octCtrl]Parsing:[line#213]Mar 16 14:12:25.988 [ETC] [ID=1][core#8 ]          : Buffs: 1 IP_offset: 18 VLAN: 1 TCP/UDP: 0 IP: 1 core: 8
DEBUG:2016-05-30 22:17:15,218 - [File:log.octCtrl]Parsing:[line#214]Mar 16 14:12:25.988 [ETC] [ID=1][core#8 ] WQE dump       : 0x3A00120000000000 0x011E21E1084074FC
DEBUG:2016-05-30 22:17:15,219 - [File:log.octCtrl]Parsing:[line#215]Mar 16 14:12:25.988 [ETC] [ID=1][core#8 ]                  0x01128FA084010000 0x08077200FF7CD08E
DEBUG:2016-05-30 22:17:15,219 - [File:log.octCtrl]Parsing:[line#216]Mar 16 14:12:25.988 [ETC] [ID=1][core#8 ]                  0x0000000000000008 0x25060AE10021F669
DEBUG:2016-05-30 22:17:15,219 - [File:log.octCtrl]Parsing:[line#217]Mar 16 14:12:25.988 [ETC] [ID=1][core#8 ]                  0x02AB81000FA086DD 0x6000000000E43A40
DEBUG:2016-05-30 22:17:15,219 - [File:log.octCtrl]Parsing:[line#218]Mar 16 14:12:25.988 [ETC] [ID=1][core#8 ]                  0x3FFFA26F00000000 0x0000000000000100
DEBUG:2016-05-30 22:17:15,219 - [File:log.octCtrl]Parsing:[line#219]Mar 16 14:12:25.988 [ETC] [ID=1][core#8 ]                  0x3FFFA26F00000000 0x00000000A26F0233
DEBUG:2016-05-30 22:17:15,219 - [File:log.octCtrl]Parsing:[line#220]Mar 16 14:12:25.988 [ETC] [ID=1][core#8 ]                  0x0104217000000000 0x6000000000B411FE
DEBUG:2016-05-30 22:17:15,220 - [File:log.octCtrl]Parsing:[line#221]Mar 16 14:12:25.988 [ETC] [ID=1][core#8 ]                  0x3FFFA26F00000000 0x00000000A26F0233
DEBUG:2016-05-30 22:17:15,220 - [File:log.octCtrl]Parsing:[line#222]Mar 16 14:12:25.988 [ETC] [ID=1][core#8 ]    Buffer Start: ff7cd000
DEBUG:2016-05-30 22:17:15,220 - [File:log.octCtrl]Parsing:[line#223]Mar 16 14:12:25.988 [ETC] [ID=1][core#8 ]    Buffer I    : 0
DEBUG:2016-05-30 22:17:15,220 - [File:log.octCtrl]Parsing:[line#224]Mar 16 14:12:25.988 [ETC] [ID=1][core#8 ]    Buffer Back : 1
DEBUG:2016-05-30 22:17:15,220 - [File:log.octCtrl]Parsing:[line#225]Mar 16 14:12:25.988 [ETC] [ID=1][core#8 ]    Buffer Pool : 0
DEBUG:2016-05-30 22:17:15,221 - [File:log.octCtrl]Parsing:[line#226]Mar 16 14:12:25.988 [ETC] [ID=1][core#8 ]    Buffer Data : ff7cd08e
DEBUG:2016-05-30 22:17:15,221 - [File:log.octCtrl]Parsing:[line#227]Mar 16 14:12:25.988 [ETC] [ID=1][core#8 ]    Buffer Size : 1906
DEBUG:2016-05-30 22:17:15,221 - [File:log.octCtrl]Parsing:[line#228]Mar 16 14:12:25.988 [ETC] [ID=1][core#8 ]    00082506 0ae10021 f66902ab 81000fa0 86dd6000 000000e4 3a403fff a26f0000
DEBUG:2016-05-30 22:17:15,221 - [File:log.octCtrl]Parsing:[line#229]Mar 16 14:12:25.988 [ETC] [ID=1][core#8 ]    00000000 00000000 01003fff a26f0000 00000000 0000a26f 02330104 21700000
DEBUG:2016-05-30 22:17:15,221 - [File:log.octCtrl]Parsing:[line#230]Mar 16 14:12:25.988 [ETC] [ID=1][core#8 ]    00006000 000000b4 11fe3fff a26f0000 00000000 0000a26f 02333fff a26f0000
DEBUG:2016-05-30 22:17:15,222 - [File:log.octCtrl]Parsing:[line#231]Mar 16 14:12:25.988 [ETC] [ID=1][core#8 ]    00000000 00000000 010015b3 04d200b4 ea1a8000 65c6c7db deb9030a 0000ffff
DEBUG:2016-05-30 22:17:15,222 - [File:log.octCtrl]Parsing:[line#232]Mar 16 14:12:25.988 [ETC] [ID=1][core#8 ]    ffffffff ffffffff ffffffff ffffffff ffffffff ffffffff ffffffff ffffffff
DEBUG:2016-05-30 22:17:15,222 - [File:log.octCtrl]Parsing:[line#233]Mar 16 14:12:25.988 [ETC] [ID=1][core#8 ]    ffffffff ffffffff ffffffff ffffffff ffffffff ffffffff ffffffff ffffffff
DEBUG:2016-05-30 22:17:15,222 - [File:log.octCtrl]Parsing:[line#234]Mar 16 14:12:25.988 [ETC] [ID=1][core#8 ]    ffffffff ffffffff ffffffff ffffffff ffffffff ffffffff ffffffff ffffffff
DEBUG:2016-05-30 22:17:15,222 - [File:log.octCtrl]Parsing:[line#235]Mar 16 14:12:25.988 [ETC] [ID=1][core#8 ]
DEBUG:2016-05-30 22:17:15,223 - [File:log.octCtrl]Parsing:[line#236]Mar 16 14:12:25.988 [ETC] [ID=1][core#8 ]
DEBUG:2016-05-30 22:17:15,223 - [File:log.octCtrl]Parsing:[line#237]Mar 16 14:12:25.988 [ETC] [ID=1][core#8 ] ppx_tx_pkt_np_athena: rxPort: Wire(2112) txPort: NP(1) Total Bytes: 284
DEBUG:2016-05-30 22:17:15,223 - [File:log.octCtrl]Parsing:[line#238]Mar 16 14:12:25.988 [ETC] [ID=1][core#8 ] ppx_dump_data: size: 284, dump data size: 256
DEBUG:2016-05-30 22:17:15,223 - [File:log.octCtrl]Parsing:[line#239]Mar 16 14:12:25.988 [ETC] [ID=1][core#8 ]
DEBUG:2016-05-30 22:17:15,223 - [File:log.octCtrl]Parsing:[line#240]Mar 16 14:12:25.988 [ETC] [ID=1][core#8 ] ff7cd090: 002003f1ac050000 000000010fa00fa0 6000000000e43a40 3fffa26f00000000
DEBUG:2016-05-30 22:17:15,224 - [File:log.octCtrl]Parsing:[line#241]Mar 16 14:12:25.988 [ETC] [ID=1][core#8 ] ff7cd0b0: 0000000000000100 3fffa26f00000000 00000000a26f0233 0104217000000000
DEBUG:2016-05-30 22:17:15,224 - [File:log.octCtrl]Parsing:[line#242]Mar 16 14:12:25.988 [ETC] [ID=1][core#8 ] ff7cd0d0: 6000000000b411fe 3fffa26f00000000 00000000a26f0233 3fffa26f00000000
DEBUG:2016-05-30 22:17:15,224 - [File:log.octCtrl]Parsing:[line#243]Mar 16 14:12:25.988 [ETC] [ID=1][core#8 ] ff7cd0f0: 0000000000000100 15b304d200b4ea1a 800065c6c7dbdeb9 030a0000ffffffff
DEBUG:2016-05-30 22:17:15,224 - [File:log.octCtrl]Parsing:[line#244]Mar 16 14:12:25.988 [ETC] [ID=1][core#8 ] ff7cd110: ffffffffffffffff ffffffffffffffff ffffffffffffffff ffffffffffffffff
DEBUG:2016-05-30 22:17:15,224 - [File:log.octCtrl]Parsing:[line#245]Mar 16 14:12:25.988 [ETC] [ID=1][core#8 ] ff7cd130: ffffffffffffffff ffffffffffffffff ffffffffffffffff ffffffffffffffff
DEBUG:2016-05-30 22:17:15,225 - [File:log.octCtrl]Parsing:[line#246]Mar 16 14:12:25.988 [ETC] [ID=1][core#8 ] ff7cd150: ffffffffffffffff ffffffffffffffff ffffffffffffffff ffffffffffffffff
DEBUG:2016-05-30 22:17:15,225 - [File:log.octCtrl]Parsing:[line#247]Mar 16 14:12:25.988 [ETC] [ID=1][core#8 ] ff7cd170: ffffffffffffffff ffffffffffffffff ffffffffffffffff ffffffffffffffff
DEBUG:2016-05-30 22:17:15,225 - [File:log.octCtrl]Parsing:[line#248]Mar 16 14:12:25.988 [ETC] [ID=1][core#8 ]
DEBUG:2016-05-30 22:17:15,225 - [File:log.octCtrl]Parsing:[line#249]Mar 16 14:12:25.989 [ETC] [ID=0][core#16]
DEBUG:2016-05-30 22:17:15,225 - [File:log.octCtrl]Parsing:[line#250]Mar 16 14:12:25.989 [ETC] [ID=0][core#16] Input WQE Data: rxPort: 62 len: 128 tag: 4(4)
DEBUG:2016-05-30 22:17:15,225 - [File:log.octCtrl]Parsing:[line#251]Mar 16 14:12:25.989 [ETC] [ID=0][core#16] cvmx_dump_wqe: WQE @ 84fd300
DEBUG:2016-05-30 22:17:15,226 - [File:log.octCtrl]Parsing:[line#252]Mar 16 14:12:25.989 [ETC] [ID=0][core#16] WQE WORD0: 0x3000080000000101
DEBUG:2016-05-30 22:17:15,226 - [File:log.octCtrl]Parsing:[line#253]Mar 16 14:12:25.989 [ETC] [ID=0][core#16]          : l4ptr: 48 l3ptr: 8 l2ptr: 8 pknd: 1 bpid: 1
DEBUG:2016-05-30 22:17:15,228 - [File:log.octCtrl]Parsing:[line#254]Mar 16 14:12:25.989 [ETC] [ID=0][core#16] WQE WORD1: 0x008001e100000004
DEBUG:2016-05-30 22:17:15,228 - [File:log.octCtrl]Parsing:[line#255]Mar 16 14:12:25.989 [ETC] [ID=0][core#16]          : len: 128 ipprt: 62 qos: 0 grp: 15 tag_type: 1 tag: 4
DEBUG:2016-05-30 22:17:15,228 - [File:log.octCtrl]Parsing:[line#256]Mar 16 14:12:25.989 [ETC] [ID=0][core#16] WQE WORD2: 0x0000000003e40000
DEBUG:2016-05-30 22:17:15,228 - [File:log.octCtrl]Parsing:[line#257]Mar 16 14:12:25.989 [ETC] [ID=0][core#16]          : Buffs: 0 IP_offset: 0 VLAN: 0 TCP/UDP: 1 IP: 1 core: 16
DEBUG:2016-05-30 22:17:15,228 - [File:log.octCtrl]Parsing:[line#258]Mar 16 14:12:25.989 [ETC] [ID=0][core#16] WQE dump       : 0x3000080000000101 0x008001E100000004
DEBUG:2016-05-30 22:17:15,229 - [File:log.octCtrl]Parsing:[line#259]Mar 16 14:12:25.989 [ETC] [ID=0][core#16]                  0x0000000003E40000 0x0000000000000000
DEBUG:2016-05-30 22:17:15,229 - [File:log.octCtrl]Parsing:[line#260]Mar 16 14:12:25.989 [ETC] [ID=0][core#16]                  0x0000001C00857FEE 0x0000000A00000010
DEBUG:2016-05-30 22:17:15,229 - [File:log.octCtrl]Parsing:[line#261]Mar 16 14:12:25.989 [ETC] [ID=0][core#16]                  0x0000000000000100 0x3FFFA26F00000000
DEBUG:2016-05-30 22:17:15,230 - [File:log.octCtrl]Parsing:[line#262]Mar 16 14:12:25.989 [ETC] [ID=0][core#16]                  0x00000000A26F0233 0x04D215B300B4EA1A
DEBUG:2016-05-30 22:17:15,230 - [File:log.octCtrl]Parsing:[line#263]Mar 16 14:12:25.989 [ETC] [ID=0][core#16]                  0x800065C6C7DBDEB9 0x030A0000FFFFFFFF
DEBUG:2016-05-30 22:17:15,231 - [File:log.octCtrl]Parsing:[line#264]Mar 16 14:12:25.989 [ETC] [ID=0][core#16]                  0x04D215B300B4EA1A 0x800065C6C7DBDEB9
DEBUG:2016-05-30 22:17:15,231 - [File:log.octCtrl]Parsing:[line#265]Mar 16 14:12:25.989 [ETC] [ID=0][core#16]                  0x030A0000FFFFFFFF 0xFFFFFFFF281100FF
DEBUG:2016-05-30 22:17:15,231 - [File:log.octCtrl]Parsing:[line#266]Mar 16 14:12:25.989 [ETC] [ID=0][core#16]
DEBUG:2016-05-30 22:17:15,232 - [File:log.octCtrl]Parsing:[line#267]Mar 16 14:12:25.989 [ETC] [ID=0][core#16] [65536][3131927029520] ppm_transport_app_udp_scanner_process: --------  NOTIFY: -------- flow-id 4  ppmID:<TRANSPORT_PPM>   fd:0x857fee
DEBUG:2016-05-30 22:17:15,232 - [File:log.octCtrl]Parsing:[line#268]Mar 16 14:12:25.989 [ETC] [ID=0][core#16] [65536][3131927037453] ppm_transport_app_udp_scanner_process: ppm_id 28, fd 857fee, ppm_notify a, length 16, fd_state 48
DEBUG:2016-05-30 22:17:15,232 - [File:log.octCtrl]Parsing:[line#269]Mar 16 14:12:25.989 [ETC] [ID=0][core#16] [2048][3131927044864] ppx_so_recvfrom: fd=8749038, buffer=0x14033968, len=65536
DEBUG:2016-05-30 22:17:15,233 - [File:log.octCtrl]Parsing:[line#270]Mar 16 14:12:25.989 [ETC] [ID=0][core#16] [2048][3131927052704] recv : trying to receive 65536 bytes on socket [fd = 8749038]
DEBUG:2016-05-30 22:17:15,233 - [File:log.octCtrl]Parsing:[line#271]Mar 16 14:12:25.989 [ETC] [ID=0][core#16] [2048][3131927061689] cvm_so_get_recv_data: Input: ptr 0x160ffb28 chained_data_len 172 buf 0x14033968 len_to_copy 65536 delete_mbufs 1
DEBUG:2016-05-30 22:17:15,233 - [File:log.octCtrl]Parsing:[line#272]Mar 16 14:12:25.989 [ETC] [ID=0][core#16] [65536][3131927075092] process_readable_event: recvfrom returned 172
DEBUG:2016-05-30 22:17:15,233 - [File:log.octCtrl]Parsing:[line#273]Mar 16 14:12:25.989 [ETC] [ID=0][core#16] [2048][3131927079909] ppx_so_sendto: fd=8749038, buffer=0x14033968, len=172
DEBUG:2016-05-30 22:17:15,234 - [File:log.octCtrl]Parsing:[line#274]Mar 16 14:12:25.989 [ETC] [ID=0][core#16] [2048][3131927086069] send : sending 172 bytes on socket [fd = 8749038]
DEBUG:2016-05-30 22:17:15,234 - [File:log.octCtrl]Parsing:[line#275]Mar 16 14:12:25.989 [ETC] [ID=0][core#16] [2048][3131927096082] >>cvm_so_app_sosend:
DEBUG:2016-05-30 22:17:15,234 - [File:log.octCtrl]Parsing:[line#276]Mar 16 14:12:25.989 [ETC] [ID=0][core#16] [2048][3131927105058] cvm_so_app_sosend: malloc'd WQE:0x42bff580, wqe_len:172, packet_ptr:0x17c7f8080  segs:0
DEBUG:2016-05-30 22:17:15,234 - [File:log.octCtrl]Parsing:[line#277]Mar 16 14:12:25.989 [ETC] [ID=0][core#16] [2048][3131927112159] giving 0 segs to UDP stack
DEBUG:2016-05-30 22:17:15,234 - [File:log.octCtrl]Parsing:[line#278]Mar 16 14:12:25.989 [ETC] [ID=0][core#16] [2048][3131927122878] cvm_acme_ip6_ip6_output swp:0x42bff580
DEBUG:2016-05-30 22:17:15,235 - [File:log.octCtrl]Parsing:[line#279]Mar 16 14:12:25.989 [ETC] [ID=0][core#16] [2048][3131927128340] cvm_acme_ip6_ip6_output: output flow-id 4  vlan:0x0
DEBUG:2016-05-30 22:17:15,235 - [File:log.octCtrl]Parsing:[line#280]Mar 16 14:12:25.989 [ETC] [ID=0][core#16] [2048][3131927133390] cvm_ip6_ip6_output_common: packet going out flowId 4  vlan:0x0
DEBUG:2016-05-30 22:17:15,235 - [File:log.octCtrl]Parsing:[line#281]Mar 16 14:12:25.989 [ETC] [ID=0][core#16] [2048][3131927138558] swp:0x42bff580, tag:0xfffe400, w1_len:220, s.addr:0x42bff100
DEBUG:2016-05-30 22:17:15,235 - [File:log.octCtrl]Parsing:[line#282]Mar 16 14:12:25.989 [ETC] [ID=0][core#16] [2048][3131927146252] prepForOutput6: TCP Flags(0x0):
DEBUG:2016-05-30 22:17:15,235 - [File:log.octCtrl]Parsing:[line#283]Mar 16 14:12:25.989 [ETC] [ID=0][core#16] [2048][3131927152251] tcp_output: 0/1:0 flow:4    3fff:a26f::a26f:0233:5555 => 3fff:a26f::0100:1234
DEBUG:2016-05-30 22:17:15,235 - [File:log.octCtrl]Parsing:[line#284]Mar 16 14:12:25.989 [ETC] [ID=0][core#16] [2048][3131927162695]             swp:0x42bff580, tag:0xfffe400, tcb:0x0, packet_ptr:0x42bff100
DEBUG:2016-05-30 22:17:15,236 - [File:log.octCtrl]Parsing:[line#285]Mar 16 14:12:25.989 [ETC] [ID=0][core#16] [2048][3131927168976] ip46_output: swp:0x42bff580 gth:1, bufs:2
DEBUG:2016-05-30 22:17:15,236 - [File:log.octCtrl]Parsing:[line#286]Mar 16 14:12:25.989 [ETC] [ID=0][core#16] [2048][3131927174253] ip46_output: ppx_send_packet_ptr() call at ip46 output len=220 flow=4 vlan=0
DEBUG:2016-05-30 22:17:15,236 - [File:log.octCtrl]Parsing:[line#287]Mar 16 14:12:25.989 [ETC] [ID=0][core#16] [2048][3131927182700] ip46_output: buf.s.pool:5 for 0x42bff100  buf.s.i:1
DEBUG:2016-05-30 22:17:15,236 - [File:log.octCtrl]Parsing:[line#288]Mar 16 14:12:25.989 [ETC] [ID=0][core#16] [2048][3131927188421] Calling ppx_send_gather_list_transport(0x160ff6a0)
DEBUG:2016-05-30 22:17:15,236 - [File:log.octCtrl]Parsing:[line#289]Mar 16 14:12:25.989 [ETC] [ID=0][core#16] [2048][3131927203987] ip46_output: Freeing WQE (0x42bff580) to pool 5
DEBUG:2016-05-30 22:17:15,236 - [File:log.octCtrl]Parsing:[line#290]Mar 16 14:12:25.989 [ETC] [ID=0][core#16] [2048][3131927209932] <<cvm_so_app_sosend
DEBUG:2016-05-30 22:17:15,237 - [File:log.octCtrl]Parsing:[line#291]Mar 16 14:12:25.989 [ETC] [ID=0][core#16] [65536][3131927213203] process_readable_event: sendto returned 172
DEBUG:2016-05-30 22:17:15,237 - [File:log.octCtrl]Parsing:[line#292]Mar 16 14:12:25.989 [ETC] [ID=0][core#16] [2048][3131927217260] ppx_so_recvfrom: fd=8749038, buffer=0x14033968, len=65536
DEBUG:2016-05-30 22:17:15,237 - [File:log.octCtrl]Parsing:[line#293]Mar 16 14:12:25.989 [ETC] [ID=0][core#16] [2048][3131927223068] recv : trying to receive 65536 bytes on socket [fd = 8749038]
DEBUG:2016-05-30 22:17:15,237 - [File:log.octCtrl]Parsing:[line#294]Mar 16 14:12:25.989 [ETC] [ID=0][core#16] [65536][3131927228123] process_readable_event: recvfrom returned -1
DEBUG:2016-05-30 22:17:15,237 - [File:log.octCtrl]Parsing:[line#295]Mar 16 14:12:25.989 [ETC] [ID=0][core#16] [65536][3131927233032] process_readable_event: set readable event for fd (0x857fee)
DEBUG:2016-05-30 22:17:15,237 - [File:log.octCtrl]Parsing:[line#296]Mar 16 14:12:25.989 [ETC] [ID=0][core#16] [65536][3131927237571] ppm_transport_app_udp_scanner_process: drop
DEBUG:2016-05-30 22:17:15,238 - [File:log.octCtrl]Parsing:[line#297]Mar 16 14:12:30.395 [ETC] [ID=1][core#26]
DEBUG:2016-05-30 22:17:15,238 - [File:log.octCtrl]Parsing:[line#298]Mar 16 14:12:30.395 [ETC] [ID=1][core#26] Input WQE Data: rxPort: 2112 len: 90 tag: 138419910(8401ec6)
DEBUG:2016-05-30 22:17:15,238 - [File:log.octCtrl]Parsing:[line#299]Mar 16 14:12:30.395 [ETC] [ID=1][core#26] cvmx_dump_wqe: WQE @ 84fdd80
DEBUG:2016-05-30 22:17:15,238 - [File:log.octCtrl]Parsing:[line#300]Mar 16 14:12:30.395 [ETC] [ID=1][core#26] WQE WORD0: 0x3a00120000000000
DEBUG:2016-05-30 22:17:15,238 - [File:log.octCtrl]Parsing:[line#301]Mar 16 14:12:30.395 [ETC] [ID=1][core#26]          : l4ptr: 58 l3ptr: 18 l2ptr: 18 pknd: 0 bpid: 0
DEBUG:2016-05-30 22:17:15,238 - [File:log.octCtrl]Parsing:[line#302]Mar 16 14:12:30.395 [ETC] [ID=1][core#26] WQE WORD1: 0x005a21e108401ec6
DEBUG:2016-05-30 22:17:15,239 - [File:log.octCtrl]Parsing:[line#303]Mar 16 14:12:30.395 [ETC] [ID=1][core#26]          : len: 90 ipprt: 2112 qos: 2 grp: 15 tag_type: 1 tag: 8401ec6
DEBUG:2016-05-30 22:17:15,239 - [File:log.octCtrl]Parsing:[line#304]Mar 16 14:12:30.395 [ETC] [ID=1][core#26] WQE WORD2: 0x01128fa084010400
DEBUG:2016-05-30 22:17:15,239 - [File:log.octCtrl]Parsing:[line#305]Mar 16 14:12:30.395 [ETC] [ID=1][core#26]          : Buffs: 1 IP_offset: 18 VLAN: 1 TCP/UDP: 0 IP: 1 core: 26
DEBUG:2016-05-30 22:17:15,239 - [File:log.octCtrl]Parsing:[line#306]Mar 16 14:12:30.395 [ETC] [ID=1][core#26] WQE dump       : 0x3A00120000000000 0x005A21E108401EC6
DEBUG:2016-05-30 22:17:15,239 - [File:log.octCtrl]Parsing:[line#307]Mar 16 14:12:30.395 [ETC] [ID=1][core#26]                  0x01128FA084010400 0x08077200FF7CA88E
DEBUG:2016-05-30 22:17:15,239 - [File:log.octCtrl]Parsing:[line#308]Mar 16 14:12:30.395 [ETC] [ID=1][core#26]                  0x0000000000003333 0xFF000100000825A4
DEBUG:2016-05-30 22:17:15,240 - [File:log.octCtrl]Parsing:[line#309]Mar 16 14:12:30.395 [ETC] [ID=1][core#26]                  0x66F181000FA086DD 0x6000000000203AFF
DEBUG:2016-05-30 22:17:15,240 - [File:log.octCtrl]Parsing:[line#310]Mar 16 14:12:30.395 [ETC] [ID=1][core#26]                  0x3FFFA26F00000000 0x00000000A26F0A33
DEBUG:2016-05-30 22:17:15,240 - [File:log.octCtrl]Parsing:[line#311]Mar 16 14:12:30.395 [ETC] [ID=1][core#26]                  0xFF02000000000000 0x00000001FF000100
DEBUG:2016-05-30 22:17:15,240 - [File:log.octCtrl]Parsing:[line#312]Mar 16 14:12:30.395 [ETC] [ID=1][core#26]                  0x8700788100000000 0x3FFFA36F00000000
DEBUG:2016-05-30 22:17:15,240 - [File:log.octCtrl]Parsing:[line#313]Mar 16 14:12:30.395 [ETC] [ID=1][core#26]                  0x0000000000000100 0x0101000825A466F1
DEBUG:2016-05-30 22:17:15,241 - [File:log.octCtrl]Parsing:[line#314]Mar 16 14:12:30.395 [ETC] [ID=1][core#26]    Buffer Start: ff7ca800
DEBUG:2016-05-30 22:17:15,241 - [File:log.octCtrl]Parsing:[line#315]Mar 16 14:12:30.395 [ETC] [ID=1][core#26]    Buffer I    : 0
DEBUG:2016-05-30 22:17:15,241 - [File:log.octCtrl]Parsing:[line#316]Mar 16 14:12:30.395 [ETC] [ID=1][core#26]    Buffer Back : 1
DEBUG:2016-05-30 22:17:15,241 - [File:log.octCtrl]Parsing:[line#317]Mar 16 14:12:30.395 [ETC] [ID=1][core#26]    Buffer Pool : 0
DEBUG:2016-05-30 22:17:15,242 - [File:log.octCtrl]Parsing:[line#318]Mar 16 14:12:30.395 [ETC] [ID=1][core#26]    Buffer Data : ff7ca88e
DEBUG:2016-05-30 22:17:15,243 - [File:log.octCtrl]Parsing:[line#319]Mar 16 14:12:30.395 [ETC] [ID=1][core#26]    Buffer Size : 1906
DEBUG:2016-05-30 22:17:15,243 - [File:log.octCtrl]Parsing:[line#320]Mar 16 14:12:30.395 [ETC] [ID=1][core#26]    3333ff00 01000008 25a466f1 81000fa0 86dd6000 00000020 3aff3fff a26f0000
DEBUG:2016-05-30 22:17:15,244 - [File:log.octCtrl]Parsing:[line#321]Mar 16 14:12:30.395 [ETC] [ID=1][core#26]    00000000 0000a26f 0a33ff02 00000000 00000000 0001ff00 01008700 78810000
DEBUG:2016-05-30 22:17:15,245 - [File:log.octCtrl]Parsing:[line#322]Mar 16 14:12:30.395 [ETC] [ID=1][core#26]    00003fff a36f0000 00000000 00000000 01000101 000825a4 66f1
DEBUG:2016-05-30 22:17:15,246 - [File:log.octCtrl]Parsing:[line#323]Mar 16 14:12:30.395 [ETC] [ID=1][core#26]
DEBUG:2016-05-30 22:17:15,246 - [File:log.octCtrl]Parsing:[line#324]Mar 16 14:12:30.395 [ETC] [ID=1][core#26] ppx_tx_pkt_np_athena: rxPort: Wire(2112) txPort: NP(1) Total Bytes: 88
DEBUG:2016-05-30 22:17:15,247 - [File:log.octCtrl]Parsing:[line#325]Mar 16 14:12:30.395 [ETC] [ID=1][core#26] ppx_dump_data: size: 88, dump data size: 88
DEBUG:2016-05-30 22:17:15,248 - [File:log.octCtrl]Parsing:[line#326]Mar 16 14:12:30.395 [ETC] [ID=1][core#26]
DEBUG:2016-05-30 22:17:15,248 - [File:log.octCtrl]Parsing:[line#327]Mar 16 14:12:30.395 [ETC] [ID=1][core#26] ff7ca890: 0012ffffff050000 000000010fa00fa0 6000000000203aff 3fffa26f00000000
DEBUG:2016-05-30 22:17:15,248 - [File:log.octCtrl]Parsing:[line#328]Mar 16 14:12:30.395 [ETC] [ID=1][core#26] ff7ca8b0: 00000000a26f0a33 ff02000000000000 00000001ff000100 8700788100000000
DEBUG:2016-05-30 22:17:15,249 - [File:log.octCtrl]Parsing:[line#329]Mar 16 14:12:30.395 [ETC] [ID=1][core#26] ff7ca8d0: 3fffa36f00000000 0000000000000100 0101000825a466f1
DEBUG:2016-05-30 22:17:15,249 - [File:log.octCtrl]Parsing:[line#330]Mar 16 14:12:30.395 [ETC] [ID=1][core#26]
DEBUG:2016-05-30 22:17:15,249 - [File:log.octCtrl]Parsing:[line#331]Mar 16 14:12:35.400 [ETC] [ID=1][core#20]
DEBUG:2016-05-30 22:17:15,249 - [File:log.octCtrl]Parsing:[line#332]Mar 16 14:12:35.400 [ETC] [ID=1][core#20] Input WQE Data: rxPort: 2112 len: 90 tag: 138419910(8401ec6)
DEBUG:2016-05-30 22:17:15,249 - [File:log.octCtrl]Parsing:[line#333]Mar 16 14:12:35.400 [ETC] [ID=1][core#20] cvmx_dump_wqe: WQE @ 84fdf00
DEBUG:2016-05-30 22:17:15,250 - [File:log.octCtrl]Parsing:[line#334]Mar 16 14:12:35.400 [ETC] [ID=1][core#20] WQE WORD0: 0x3a00120000000000
DEBUG:2016-05-30 22:17:15,250 - [File:log.octCtrl]Parsing:[line#335]Mar 16 14:12:35.400 [ETC] [ID=1][core#20]          : l4ptr: 58 l3ptr: 18 l2ptr: 18 pknd: 0 bpid: 0
DEBUG:2016-05-30 22:17:15,250 - [File:log.octCtrl]Parsing:[line#336]Mar 16 14:12:35.400 [ETC] [ID=1][core#20] WQE WORD1: 0x005a21e108401ec6
DEBUG:2016-05-30 22:17:15,250 - [File:log.octCtrl]Parsing:[line#337]Mar 16 14:12:35.400 [ETC] [ID=1][core#20]          : len: 90 ipprt: 2112 qos: 2 grp: 15 tag_type: 1 tag: 8401ec6
DEBUG:2016-05-30 22:17:15,250 - [File:log.octCtrl]Parsing:[line#338]Mar 16 14:12:35.400 [ETC] [ID=1][core#20] WQE WORD2: 0x01128fa084010400
DEBUG:2016-05-30 22:17:15,250 - [File:log.octCtrl]Parsing:[line#339]Mar 16 14:12:35.400 [ETC] [ID=1][core#20]          : Buffs: 1 IP_offset: 18 VLAN: 1 TCP/UDP: 0 IP: 1 core: 20
DEBUG:2016-05-30 22:17:15,251 - [File:log.octCtrl]Parsing:[line#340]Mar 16 14:12:35.400 [ETC] [ID=1][core#20] WQE dump       : 0x3A00120000000000 0x005A21E108401EC6
DEBUG:2016-05-30 22:17:15,251 - [File:log.octCtrl]Parsing:[line#341]Mar 16 14:12:35.400 [ETC] [ID=1][core#20]                  0x01128FA084010400 0x08077200FF7CB08E
DEBUG:2016-05-30 22:17:15,251 - [File:log.octCtrl]Parsing:[line#342]Mar 16 14:12:35.400 [ETC] [ID=1][core#20]                  0x0000000000003333 0xFF000100000825A4
DEBUG:2016-05-30 22:17:15,251 - [File:log.octCtrl]Parsing:[line#343]Mar 16 14:12:35.400 [ETC] [ID=1][core#20]                  0x66F181000FA086DD 0x6000000000203AFF
DEBUG:2016-05-30 22:17:15,251 - [File:log.octCtrl]Parsing:[line#344]Mar 16 14:12:35.400 [ETC] [ID=1][core#20]                  0x3FFFA26F00000000 0x00000000A26F0A33
DEBUG:2016-05-30 22:17:15,252 - [File:log.octCtrl]Parsing:[line#345]Mar 16 14:12:35.400 [ETC] [ID=1][core#20]                  0xFF02000000000000 0x00000001FF000100
DEBUG:2016-05-30 22:17:15,252 - [File:log.octCtrl]Parsing:[line#346]Mar 16 14:12:35.400 [ETC] [ID=1][core#20]                  0x8700788100000000 0x3FFFA36F00000000
DEBUG:2016-05-30 22:17:15,252 - [File:log.octCtrl]Parsing:[line#347]Mar 16 14:12:35.400 [ETC] [ID=1][core#20]                  0x0000000000000100 0x0101000825A466F1
DEBUG:2016-05-30 22:17:15,252 - [File:log.octCtrl]Parsing:[line#348]Mar 16 14:12:35.400 [ETC] [ID=1][core#20]    Buffer Start: ff7cb000
DEBUG:2016-05-30 22:17:15,252 - [File:log.octCtrl]Parsing:[line#349]Mar 16 14:12:35.400 [ETC] [ID=1][core#20]    Buffer I    : 0
DEBUG:2016-05-30 22:17:15,253 - [File:log.octCtrl]Parsing:[line#350]Mar 16 14:12:35.400 [ETC] [ID=1][core#20]    Buffer Back : 1
DEBUG:2016-05-30 22:17:15,253 - [File:log.octCtrl]Parsing:[line#351]Mar 16 14:12:35.400 [ETC] [ID=1][core#20]    Buffer Pool : 0
DEBUG:2016-05-30 22:17:15,253 - [File:log.octCtrl]Parsing:[line#352]Mar 16 14:12:35.401 [ETC] [ID=1][core#20]    Buffer Data : ff7cb08e
DEBUG:2016-05-30 22:17:15,253 - [File:log.octCtrl]Parsing:[line#353]Mar 16 14:12:35.401 [ETC] [ID=1][core#20]    Buffer Size : 1906
DEBUG:2016-05-30 22:17:15,253 - [File:log.octCtrl]Parsing:[line#354]Mar 16 14:12:35.401 [ETC] [ID=1][core#20]    3333ff00 01000008 25a466f1 81000fa0 86dd6000 00000020 3aff3fff a26f0000
DEBUG:2016-05-30 22:17:15,253 - [File:log.octCtrl]Parsing:[line#355]Mar 16 14:12:35.401 [ETC] [ID=1][core#20]    00000000 0000a26f 0a33ff02 00000000 00000000 0001ff00 01008700 78810000
DEBUG:2016-05-30 22:17:15,254 - [File:log.octCtrl]Parsing:[line#356]Mar 16 14:12:35.401 [ETC] [ID=1][core#20]    00003fff a36f0000 00000000 00000000 01000101 000825a4 66f1
DEBUG:2016-05-30 22:17:15,254 - [File:log.octCtrl]Parsing:[line#357]Mar 16 14:12:35.401 [ETC] [ID=1][core#20]
DEBUG:2016-05-30 22:17:15,254 - [File:log.octCtrl]Parsing:[line#358]Mar 16 14:12:35.401 [ETC] [ID=1][core#20] ppx_tx_pkt_np_athena: rxPort: Wire(2112) txPort: NP(1) Total Bytes: 88
DEBUG:2016-05-30 22:17:15,254 - [File:log.octCtrl]Parsing:[line#359]Mar 16 14:12:35.401 [ETC] [ID=1][core#20] ppx_dump_data: size: 88, dump data size: 88
DEBUG:2016-05-30 22:17:15,254 - [File:log.octCtrl]Parsing:[line#360]Mar 16 14:12:35.401 [ETC] [ID=1][core#20]
DEBUG:2016-05-30 22:17:15,254 - [File:log.octCtrl]Parsing:[line#361]Mar 16 14:12:35.401 [ETC] [ID=1][core#20] ff7cb090: 0012ffffff050000 000000010fa00fa0 6000000000203aff 3fffa26f00000000
DEBUG:2016-05-30 22:17:15,255 - [File:log.octCtrl]Parsing:[line#362]Mar 16 14:12:35.401 [ETC] [ID=1][core#20] ff7cb0b0: 00000000a26f0a33 ff02000000000000 00000001ff000100 8700788100000000
DEBUG:2016-05-30 22:17:15,255 - [File:log.octCtrl]Parsing:[line#363]Mar 16 14:12:35.401 [ETC] [ID=1][core#20] ff7cb0d0: 3fffa36f00000000 0000000000000100 0101000825a466f1
DEBUG:2016-05-30 22:17:15,255 - [File:log.octCtrl]Parsing:[line#364]Mar 16 14:12:35.401 [ETC] [ID=1][core#20]
DEBUG:2016-05-30 22:17:15,255 - [File:log.octCtrl]Parsing:[line#365]Mar 16 14:12:40.393 [ETC] [ID=1][core#11]
DEBUG:2016-05-30 22:17:15,255 - [File:log.octCtrl]Parsing:[line#366]Mar 16 14:12:40.393 [ETC] [ID=1][core#11] Input WQE Data: rxPort: 2112 len: 90 tag: 138419910(8401ec6)
DEBUG:2016-05-30 22:17:15,255 - [File:log.octCtrl]Parsing:[line#367]Mar 16 14:12:40.393 [ETC] [ID=1][core#11] cvmx_dump_wqe: WQE @ 84fc680
DEBUG:2016-05-30 22:17:15,256 - [File:log.octCtrl]Parsing:[line#368]Mar 16 14:12:40.394 [ETC] [ID=1][core#11] WQE WORD0: 0x3a00120000000000
DEBUG:2016-05-30 22:17:15,256 - [File:log.octCtrl]Parsing:[line#369]Mar 16 14:12:40.394 [ETC] [ID=1][core#11]          : l4ptr: 58 l3ptr: 18 l2ptr: 18 pknd: 0 bpid: 0
DEBUG:2016-05-30 22:17:15,256 - [File:log.octCtrl]Parsing:[line#370]Mar 16 14:12:40.394 [ETC] [ID=1][core#11] WQE WORD1: 0x005a21e108401ec6
DEBUG:2016-05-30 22:17:15,256 - [File:log.octCtrl]Parsing:[line#371]Mar 16 14:12:40.394 [ETC] [ID=1][core#11]          : len: 90 ipprt: 2112 qos: 2 grp: 15 tag_type: 1 tag: 8401ec6
DEBUG:2016-05-30 22:17:15,256 - [File:log.octCtrl]Parsing:[line#372]Mar 16 14:12:40.394 [ETC] [ID=1][core#11] WQE WORD2: 0x01128fa084010400
DEBUG:2016-05-30 22:17:15,256 - [File:log.octCtrl]Parsing:[line#373]Mar 16 14:12:40.394 [ETC] [ID=1][core#11]          : Buffs: 1 IP_offset: 18 VLAN: 1 TCP/UDP: 0 IP: 1 core: 11
DEBUG:2016-05-30 22:17:15,257 - [File:log.octCtrl]Parsing:[line#374]Mar 16 14:12:40.394 [ETC] [ID=1][core#11] WQE dump       : 0x3A00120000000000 0x005A21E108401EC6
DEBUG:2016-05-30 22:17:15,257 - [File:log.octCtrl]Parsing:[line#375]Mar 16 14:12:40.394 [ETC] [ID=1][core#11]                  0x01128FA084010400 0x08077200FF7DD08E
DEBUG:2016-05-30 22:17:15,257 - [File:log.octCtrl]Parsing:[line#376]Mar 16 14:12:40.394 [ETC] [ID=1][core#11]                  0x0000000000003333 0xFF000100000825A4
DEBUG:2016-05-30 22:17:15,257 - [File:log.octCtrl]Parsing:[line#377]Mar 16 14:12:40.394 [ETC] [ID=1][core#11]                  0x66F181000FA086DD 0x6000000000203AFF
DEBUG:2016-05-30 22:17:15,257 - [File:log.octCtrl]Parsing:[line#378]Mar 16 14:12:40.394 [ETC] [ID=1][core#11]                  0x3FFFA26F00000000 0x00000000A26F0A33
DEBUG:2016-05-30 22:17:15,258 - [File:log.octCtrl]Parsing:[line#379]Mar 16 14:12:40.394 [ETC] [ID=1][core#11]                  0xFF02000000000000 0x00000001FF000100
DEBUG:2016-05-30 22:17:15,258 - [File:log.octCtrl]Parsing:[line#380]Mar 16 14:12:40.394 [ETC] [ID=1][core#11]                  0x8700788100000000 0x3FFFA36F00000000
DEBUG:2016-05-30 22:17:15,258 - [File:log.octCtrl]Parsing:[line#381]Mar 16 14:12:40.394 [ETC] [ID=1][core#11]                  0x0000000000000100 0x0101000825A466F1
DEBUG:2016-05-30 22:17:15,258 - [File:log.octCtrl]Parsing:[line#382]Mar 16 14:12:40.394 [ETC] [ID=1][core#11]    Buffer Start: ff7dd000
DEBUG:2016-05-30 22:17:15,258 - [File:log.octCtrl]Parsing:[line#383]Mar 16 14:12:40.394 [ETC] [ID=1][core#11]    Buffer I    : 0
DEBUG:2016-05-30 22:17:15,258 - [File:log.octCtrl]Parsing:[line#384]Mar 16 14:12:40.394 [ETC] [ID=1][core#11]    Buffer Back : 1
DEBUG:2016-05-30 22:17:15,259 - [File:log.octCtrl]Parsing:[line#385]Mar 16 14:12:40.394 [ETC] [ID=1][core#11]    Buffer Pool : 0
DEBUG:2016-05-30 22:17:15,259 - [File:log.octCtrl]Parsing:[line#386]Mar 16 14:12:40.394 [ETC] [ID=1][core#11]    Buffer Data : ff7dd08e
DEBUG:2016-05-30 22:17:15,259 - [File:log.octCtrl]Parsing:[line#387]Mar 16 14:12:40.394 [ETC] [ID=1][core#11]    Buffer Size : 1906
DEBUG:2016-05-30 22:17:15,259 - [File:log.octCtrl]Parsing:[line#388]Mar 16 14:12:40.394 [ETC] [ID=1][core#11]    3333ff00 01000008 25a466f1 81000fa0 86dd6000 00000020 3aff3fff a26f0000
DEBUG:2016-05-30 22:17:15,259 - [File:log.octCtrl]Parsing:[line#389]Mar 16 14:12:40.394 [ETC] [ID=1][core#11]    00000000 0000a26f 0a33ff02 00000000 00000000 0001ff00 01008700 78810000
DEBUG:2016-05-30 22:17:15,259 - [File:log.octCtrl]Parsing:[line#390]Mar 16 14:12:40.394 [ETC] [ID=1][core#11]    00003fff a36f0000 00000000 00000000 01000101 000825a4 66f1
DEBUG:2016-05-30 22:17:15,260 - [File:log.octCtrl]Parsing:[line#391]Mar 16 14:12:40.394 [ETC] [ID=1][core#11]
DEBUG:2016-05-30 22:17:15,260 - [File:log.octCtrl]Parsing:[line#392]Mar 16 14:12:40.394 [ETC] [ID=1][core#11] ppx_tx_pkt_np_athena: rxPort: Wire(2112) txPort: NP(1) Total Bytes: 88
DEBUG:2016-05-30 22:17:15,260 - [File:log.octCtrl]Parsing:[line#393]Mar 16 14:12:40.394 [ETC] [ID=1][core#11] ppx_dump_data: size: 88, dump data size: 88
DEBUG:2016-05-30 22:17:15,260 - [File:log.octCtrl]Parsing:[line#394]Mar 16 14:12:40.394 [ETC] [ID=1][core#11]
DEBUG:2016-05-30 22:17:15,260 - [File:log.octCtrl]Parsing:[line#395]Mar 16 14:12:40.394 [ETC] [ID=1][core#11] ff7dd090: 0012ffffff050000 000000010fa00fa0 6000000000203aff 3fffa26f00000000
DEBUG:2016-05-30 22:17:15,260 - [File:log.octCtrl]Parsing:[line#396]Mar 16 14:12:40.394 [ETC] [ID=1][core#11] ff7dd0b0: 00000000a26f0a33 ff02000000000000 00000001ff000100 8700788100000000
DEBUG:2016-05-30 22:17:15,261 - [File:log.octCtrl]Parsing:[line#397]Mar 16 14:12:40.394 [ETC] [ID=1][core#11] ff7dd0d0: 3fffa36f00000000 0000000000000100 0101000825a466f1
DEBUG:2016-05-30 22:17:15,261 - [File:log.octCtrl]Parsing:[line#398]Mar 16 14:12:40.394 [ETC] [ID=1][core#11]
DEBUG:2016-05-30 22:17:15,261 - [File:log.octCtrl]Parsing:[line#399]Mar 16 14:12:45.402 [ETC] [ID=1][core#14]
DEBUG:2016-05-30 22:17:15,261 - [File:log.octCtrl]Parsing:[line#400]Mar 16 14:12:45.402 [ETC] [ID=1][core#14] Input WQE Data: rxPort: 2112 len: 90 tag: 138419910(8401ec6)
DEBUG:2016-05-30 22:17:15,261 - [File:log.octCtrl]Parsing:[line#401]Mar 16 14:12:45.402 [ETC] [ID=1][core#14] cvmx_dump_wqe: WQE @ 84fd980
DEBUG:2016-05-30 22:17:15,261 - [File:log.octCtrl]Parsing:[line#402]Mar 16 14:12:45.402 [ETC] [ID=1][core#14] WQE WORD0: 0x3a00120000000000
DEBUG:2016-05-30 22:17:15,262 - [File:log.octCtrl]Parsing:[line#403]Mar 16 14:12:45.402 [ETC] [ID=1][core#14]          : l4ptr: 58 l3ptr: 18 l2ptr: 18 pknd: 0 bpid: 0
DEBUG:2016-05-30 22:17:15,262 - [File:log.octCtrl]Parsing:[line#404]Mar 16 14:12:45.402 [ETC] [ID=1][core#14] WQE WORD1: 0x005a21e108401ec6
DEBUG:2016-05-30 22:17:15,262 - [File:log.octCtrl]Parsing:[line#405]Mar 16 14:12:45.402 [ETC] [ID=1][core#14]          : len: 90 ipprt: 2112 qos: 2 grp: 15 tag_type: 1 tag: 8401ec6
DEBUG:2016-05-30 22:17:15,262 - [File:log.octCtrl]Parsing:[line#406]Mar 16 14:12:45.402 [ETC] [ID=1][core#14] WQE WORD2: 0x01128fa084010400
DEBUG:2016-05-30 22:17:15,262 - [File:log.octCtrl]Parsing:[line#407]Mar 16 14:12:45.402 [ETC] [ID=1][core#14]          : Buffs: 1 IP_offset: 18 VLAN: 1 TCP/UDP: 0 IP: 1 core: 14
DEBUG:2016-05-30 22:17:15,263 - [File:log.octCtrl]Parsing:[line#408]Mar 16 14:12:45.402 [ETC] [ID=1][core#14] WQE dump       : 0x3A00120000000000 0x005A21E108401EC6
DEBUG:2016-05-30 22:17:15,263 - [File:log.octCtrl]Parsing:[line#409]Mar 16 14:12:45.402 [ETC] [ID=1][core#14]                  0x01128FA084010400 0x08077200FF7D688E
DEBUG:2016-05-30 22:17:15,263 - [File:log.octCtrl]Parsing:[line#410]Mar 16 14:12:45.402 [ETC] [ID=1][core#14]                  0x0000000000003333 0xFF000100000825A4
DEBUG:2016-05-30 22:17:15,263 - [File:log.octCtrl]Parsing:[line#411]Mar 16 14:12:45.402 [ETC] [ID=1][core#14]                  0x66F181000FA086DD 0x6000000000203AFF
DEBUG:2016-05-30 22:17:15,263 - [File:log.octCtrl]Parsing:[line#412]Mar 16 14:12:45.402 [ETC] [ID=1][core#14]                  0x3FFFA26F00000000 0x00000000A26F0A33
DEBUG:2016-05-30 22:17:15,263 - [File:log.octCtrl]Parsing:[line#413]Mar 16 14:12:45.402 [ETC] [ID=1][core#14]                  0xFF02000000000000 0x00000001FF000100
DEBUG:2016-05-30 22:17:15,264 - [File:log.octCtrl]Parsing:[line#414]Mar 16 14:12:45.402 [ETC] [ID=1][core#14]                  0x8700788100000000 0x3FFFA36F00000000
DEBUG:2016-05-30 22:17:15,264 - [File:log.octCtrl]Parsing:[line#415]Mar 16 14:12:45.402 [ETC] [ID=1][core#14]                  0x0000000000000100 0x0101000825A466F1
DEBUG:2016-05-30 22:17:15,264 - [File:log.octCtrl]Parsing:[line#416]Mar 16 14:12:45.402 [ETC] [ID=1][core#14]    Buffer Start: ff7d6800
DEBUG:2016-05-30 22:17:15,264 - [File:log.octCtrl]Parsing:[line#417]Mar 16 14:12:45.402 [ETC] [ID=1][core#14]    Buffer I    : 0
DEBUG:2016-05-30 22:17:15,264 - [File:log.octCtrl]Parsing:[line#418]Mar 16 14:12:45.402 [ETC] [ID=1][core#14]    Buffer Back : 1
DEBUG:2016-05-30 22:17:15,264 - [File:log.octCtrl]Parsing:[line#419]Mar 16 14:12:45.402 [ETC] [ID=1][core#14]    Buffer Pool : 0
DEBUG:2016-05-30 22:17:15,265 - [File:log.octCtrl]Parsing:[line#420]Mar 16 14:12:45.402 [ETC] [ID=1][core#14]    Buffer Data : ff7d688e
DEBUG:2016-05-30 22:17:15,265 - [File:log.octCtrl]Parsing:[line#421]Mar 16 14:12:45.402 [ETC] [ID=1][core#14]    Buffer Size : 1906
DEBUG:2016-05-30 22:17:15,265 - [File:log.octCtrl]Parsing:[line#422]Mar 16 14:12:45.402 [ETC] [ID=1][core#14]    3333ff00 01000008 25a466f1 81000fa0 86dd6000 00000020 3aff3fff a26f0000
DEBUG:2016-05-30 22:17:15,265 - [File:log.octCtrl]Parsing:[line#423]Mar 16 14:12:45.402 [ETC] [ID=1][core#14]    00000000 0000a26f 0a33ff02 00000000 00000000 0001ff00 01008700 78810000
DEBUG:2016-05-30 22:17:15,265 - [File:log.octCtrl]Parsing:[line#424]Mar 16 14:12:45.402 [ETC] [ID=1][core#14]    00003fff a36f0000 00000000 00000000 01000101 000825a4 66f1
DEBUG:2016-05-30 22:17:15,266 - [File:log.octCtrl]Parsing:[line#425]Mar 16 14:12:45.402 [ETC] [ID=1][core#14]
DEBUG:2016-05-30 22:17:15,266 - [File:log.octCtrl]Parsing:[line#426]Mar 16 14:12:45.402 [ETC] [ID=1][core#14] ppx_tx_pkt_np_athena: rxPort: Wire(2112) txPort: NP(1) Total Bytes: 88
DEBUG:2016-05-30 22:17:15,266 - [File:log.octCtrl]Parsing:[line#427]Mar 16 14:12:45.402 [ETC] [ID=1][core#14] ppx_dump_data: size: 88, dump data size: 88
DEBUG:2016-05-30 22:17:15,266 - [File:log.octCtrl]Parsing:[line#428]Mar 16 14:12:45.402 [ETC] [ID=1][core#14]
DEBUG:2016-05-30 22:17:15,266 - [File:log.octCtrl]Parsing:[line#429]Mar 16 14:12:45.402 [ETC] [ID=1][core#14] ff7d6890: 0012ffffff050000 000000010fa00fa0 6000000000203aff 3fffa26f00000000
DEBUG:2016-05-30 22:17:15,267 - [File:log.octCtrl]Parsing:[line#430]Mar 16 14:12:45.402 [ETC] [ID=1][core#14] ff7d68b0: 00000000a26f0a33 ff02000000000000 00000001ff000100 8700788100000000
DEBUG:2016-05-30 22:17:15,267 - [File:log.octCtrl]Parsing:[line#431]Mar 16 14:12:45.402 [ETC] [ID=1][core#14] ff7d68d0: 3fffa36f00000000 0000000000000100 0101000825a466f1
DEBUG:2016-05-30 22:17:15,267 - [File:log.octCtrl]Parsing:[line#432]Mar 16 14:12:45.402 [ETC] [ID=1][core#14]
DEBUG:2016-05-30 22:17:15,267 - [File:log.octCtrl]Parsing:[line#433]Mar 16 14:12:50.397 [ETC] [ID=1][core#15]
DEBUG:2016-05-30 22:17:15,267 - [File:log.octCtrl]Parsing:[line#434]Mar 16 14:12:50.397 [ETC] [ID=1][core#15] Input WQE Data: rxPort: 2112 len: 90 tag: 138419910(8401ec6)
DEBUG:2016-05-30 22:17:15,267 - [File:log.octCtrl]Parsing:[line#435]Mar 16 14:12:50.397 [ETC] [ID=1][core#15] cvmx_dump_wqe: WQE @ 84fc800
DEBUG:2016-05-30 22:17:15,268 - [File:log.octCtrl]Parsing:[line#436]Mar 16 14:12:50.397 [ETC] [ID=1][core#15] WQE WORD0: 0x3a00120000000000
DEBUG:2016-05-30 22:17:15,268 - [File:log.octCtrl]Parsing:[line#437]Mar 16 14:12:50.397 [ETC] [ID=1][core#15]          : l4ptr: 58 l3ptr: 18 l2ptr: 18 pknd: 0 bpid: 0
DEBUG:2016-05-30 22:17:15,269 - [File:log.octCtrl]Parsing:[line#438]Mar 16 14:12:50.397 [ETC] [ID=1][core#15] WQE WORD1: 0x005a21e108401ec6
DEBUG:2016-05-30 22:17:15,270 - [File:log.octCtrl]Parsing:[line#439]Mar 16 14:12:50.397 [ETC] [ID=1][core#15]          : len: 90 ipprt: 2112 qos: 2 grp: 15 tag_type: 1 tag: 8401ec6
DEBUG:2016-05-30 22:17:15,271 - [File:log.octCtrl]Parsing:[line#440]Mar 16 14:12:50.397 [ETC] [ID=1][core#15] WQE WORD2: 0x01128fa084010400
DEBUG:2016-05-30 22:17:15,271 - [File:log.octCtrl]Parsing:[line#441]Mar 16 14:12:50.397 [ETC] [ID=1][core#15]          : Buffs: 1 IP_offset: 18 VLAN: 1 TCP/UDP: 0 IP: 1 core: 15
DEBUG:2016-05-30 22:17:15,271 - [File:log.octCtrl]Parsing:[line#442]Mar 16 14:12:50.397 [ETC] [ID=1][core#15] WQE dump       : 0x3A00120000000000 0x005A21E108401EC6
DEBUG:2016-05-30 22:17:15,271 - [File:log.octCtrl]Parsing:[line#443]Mar 16 14:12:50.397 [ETC] [ID=1][core#15]                  0x01128FA084010400 0x08077200FF7DD88E
DEBUG:2016-05-30 22:17:15,272 - [File:log.octCtrl]Parsing:[line#444]Mar 16 14:12:50.397 [ETC] [ID=1][core#15]                  0x0000000000003333 0xFF000100000825A4
DEBUG:2016-05-30 22:17:15,272 - [File:log.octCtrl]Parsing:[line#445]Mar 16 14:12:50.397 [ETC] [ID=1][core#15]                  0x66F181000FA086DD 0x6000000000203AFF
DEBUG:2016-05-30 22:17:15,272 - [File:log.octCtrl]Parsing:[line#446]Mar 16 14:12:50.397 [ETC] [ID=1][core#15]                  0x3FFFA26F00000000 0x00000000A26F0A33
DEBUG:2016-05-30 22:17:15,272 - [File:log.octCtrl]Parsing:[line#447]Mar 16 14:12:50.397 [ETC] [ID=1][core#15]                  0xFF02000000000000 0x00000001FF000100
DEBUG:2016-05-30 22:17:15,272 - [File:log.octCtrl]Parsing:[line#448]Mar 16 14:12:50.397 [ETC] [ID=1][core#15]                  0x8700788100000000 0x3FFFA36F00000000
DEBUG:2016-05-30 22:17:15,273 - [File:log.octCtrl]Parsing:[line#449]Mar 16 14:12:50.397 [ETC] [ID=1][core#15]                  0x0000000000000100 0x0101000825A466F1
DEBUG:2016-05-30 22:17:15,273 - [File:log.octCtrl]Parsing:[line#450]Mar 16 14:12:50.397 [ETC] [ID=1][core#15]    Buffer Start: ff7dd800
DEBUG:2016-05-30 22:17:15,273 - [File:log.octCtrl]Parsing:[line#451]Mar 16 14:12:50.397 [ETC] [ID=1][core#15]    Buffer I    : 0
DEBUG:2016-05-30 22:17:15,273 - [File:log.octCtrl]Parsing:[line#452]Mar 16 14:12:50.397 [ETC] [ID=1][core#15]    Buffer Back : 1
DEBUG:2016-05-30 22:17:15,273 - [File:log.octCtrl]Parsing:[line#453]Mar 16 14:12:50.397 [ETC] [ID=1][core#15]    Buffer Pool : 0
DEBUG:2016-05-30 22:17:15,273 - [File:log.octCtrl]Parsing:[line#454]Mar 16 14:12:50.397 [ETC] [ID=1][core#15]    Buffer Data : ff7dd88e
DEBUG:2016-05-30 22:17:15,274 - [File:log.octCtrl]Parsing:[line#455]Mar 16 14:12:50.397 [ETC] [ID=1][core#15]    Buffer Size : 1906
DEBUG:2016-05-30 22:17:15,274 - [File:log.octCtrl]Parsing:[line#456]Mar 16 14:12:50.397 [ETC] [ID=1][core#15]    3333ff00 01000008 25a466f1 81000fa0 86dd6000 00000020 3aff3fff a26f0000
DEBUG:2016-05-30 22:17:15,274 - [File:log.octCtrl]Parsing:[line#457]Mar 16 14:12:50.397 [ETC] [ID=1][core#15]    00000000 0000a26f 0a33ff02 00000000 00000000 0001ff00 01008700 78810000
DEBUG:2016-05-30 22:17:15,274 - [File:log.octCtrl]Parsing:[line#458]Mar 16 14:12:50.397 [ETC] [ID=1][core#15]    00003fff a36f0000 00000000 00000000 01000101 000825a4 66f1
DEBUG:2016-05-30 22:17:15,274 - [File:log.octCtrl]Parsing:[line#459]Mar 16 14:12:50.397 [ETC] [ID=1][core#15]
DEBUG:2016-05-30 22:17:15,274 - [File:log.octCtrl]Parsing:[line#460]Mar 16 14:12:50.397 [ETC] [ID=1][core#15] ppx_tx_pkt_np_athena: rxPort: Wire(2112) txPort: NP(1) Total Bytes: 88
DEBUG:2016-05-30 22:17:15,275 - [File:log.octCtrl]Parsing:[line#461]Mar 16 14:12:50.397 [ETC] [ID=1][core#15] ppx_dump_data: size: 88, dump data size: 88
DEBUG:2016-05-30 22:17:15,275 - [File:log.octCtrl]Parsing:[line#462]Mar 16 14:12:50.397 [ETC] [ID=1][core#15]
DEBUG:2016-05-30 22:17:15,275 - [File:log.octCtrl]Parsing:[line#463]Mar 16 14:12:50.397 [ETC] [ID=1][core#15] ff7dd890: 0012ffffff050000 000000010fa00fa0 6000000000203aff 3fffa26f00000000
DEBUG:2016-05-30 22:17:15,275 - [File:log.octCtrl]Parsing:[line#464]Mar 16 14:12:50.397 [ETC] [ID=1][core#15] ff7dd8b0: 00000000a26f0a33 ff02000000000000 00000001ff000100 8700788100000000
DEBUG:2016-05-30 22:17:15,275 - [File:log.octCtrl]Parsing:[line#465]Mar 16 14:12:50.397 [ETC] [ID=1][core#15] ff7dd8d0: 3fffa36f00000000 0000000000000100 0101000825a466f1
DEBUG:2016-05-30 22:17:15,276 - [File:log.octCtrl]Parsing:[line#466]Mar 16 14:12:50.397 [ETC] [ID=1][core#15]
DEBUG:2016-05-30 22:17:15,276 - [File:log.octCtrl]Parsing:[line#467]Mar 16 14:12:55.395 [ETC] [ID=1][core#30]
DEBUG:2016-05-30 22:17:15,276 - [File:log.octCtrl]Parsing:[line#468]Mar 16 14:12:55.395 [ETC] [ID=1][core#30] Input WQE Data: rxPort: 2112 len: 90 tag: 138419910(8401ec6)
DEBUG:2016-05-30 22:17:15,276 - [File:log.octCtrl]Parsing:[line#469]Mar 16 14:12:55.395 [ETC] [ID=1][core#30] cvmx_dump_wqe: WQE @ 84fd600
DEBUG:2016-05-30 22:17:15,276 - [File:log.octCtrl]Parsing:[line#470]Mar 16 14:12:55.395 [ETC] [ID=1][core#30] WQE WORD0: 0x3a00120000000000
DEBUG:2016-05-30 22:17:15,276 - [File:log.octCtrl]Parsing:[line#471]Mar 16 14:12:55.395 [ETC] [ID=1][core#30]          : l4ptr: 58 l3ptr: 18 l2ptr: 18 pknd: 0 bpid: 0
DEBUG:2016-05-30 22:17:15,277 - [File:log.octCtrl]Parsing:[line#472]Mar 16 14:12:55.395 [ETC] [ID=1][core#30] WQE WORD1: 0x005a21e108401ec6
DEBUG:2016-05-30 22:17:15,277 - [File:log.octCtrl]Parsing:[line#473]Mar 16 14:12:55.395 [ETC] [ID=1][core#30]          : len: 90 ipprt: 2112 qos: 2 grp: 15 tag_type: 1 tag: 8401ec6
DEBUG:2016-05-30 22:17:15,277 - [File:log.octCtrl]Parsing:[line#474]Mar 16 14:12:55.395 [ETC] [ID=1][core#30] WQE WORD2: 0x01128fa084010400
DEBUG:2016-05-30 22:17:15,277 - [File:log.octCtrl]Parsing:[line#475]Mar 16 14:12:55.395 [ETC] [ID=1][core#30]          : Buffs: 1 IP_offset: 18 VLAN: 1 TCP/UDP: 0 IP: 1 core: 30
DEBUG:2016-05-30 22:17:15,277 - [File:log.octCtrl]Parsing:[line#476]Mar 16 14:12:55.395 [ETC] [ID=1][core#30] WQE dump       : 0x3A00120000000000 0x005A21E108401EC6
DEBUG:2016-05-30 22:17:15,277 - [File:log.octCtrl]Parsing:[line#477]Mar 16 14:12:55.395 [ETC] [ID=1][core#30]                  0x01128FA084010400 0x08077200FF7CA08E
DEBUG:2016-05-30 22:17:15,278 - [File:log.octCtrl]Parsing:[line#478]Mar 16 14:12:55.395 [ETC] [ID=1][core#30]                  0x0000000000003333 0xFF000100000825A4
DEBUG:2016-05-30 22:17:15,278 - [File:log.octCtrl]Parsing:[line#479]Mar 16 14:12:55.395 [ETC] [ID=1][core#30]                  0x66F181000FA086DD 0x6000000000203AFF
DEBUG:2016-05-30 22:17:15,278 - [File:log.octCtrl]Parsing:[line#480]Mar 16 14:12:55.395 [ETC] [ID=1][core#30]                  0x3FFFA26F00000000 0x00000000A26F0A33
DEBUG:2016-05-30 22:17:15,278 - [File:log.octCtrl]Parsing:[line#481]Mar 16 14:12:55.395 [ETC] [ID=1][core#30]                  0xFF02000000000000 0x00000001FF000100
DEBUG:2016-05-30 22:17:15,278 - [File:log.octCtrl]Parsing:[line#482]Mar 16 14:12:55.395 [ETC] [ID=1][core#30]                  0x8700788100000000 0x3FFFA36F00000000
DEBUG:2016-05-30 22:17:15,279 - [File:log.octCtrl]Parsing:[line#483]Mar 16 14:12:55.395 [ETC] [ID=1][core#30]                  0x0000000000000100 0x0101000825A466F1
DEBUG:2016-05-30 22:17:15,279 - [File:log.octCtrl]Parsing:[line#484]Mar 16 14:12:55.395 [ETC] [ID=1][core#30]    Buffer Start: ff7ca000
DEBUG:2016-05-30 22:17:15,279 - [File:log.octCtrl]Parsing:[line#485]Mar 16 14:12:55.395 [ETC] [ID=1][core#30]    Buffer I    : 0
DEBUG:2016-05-30 22:17:15,280 - [File:log.octCtrl]Parsing:[line#486]Mar 16 14:12:55.395 [ETC] [ID=1][core#30]    Buffer Back : 1
DEBUG:2016-05-30 22:17:15,280 - [File:log.octCtrl]Parsing:[line#487]Mar 16 14:12:55.395 [ETC] [ID=1][core#30]    Buffer Pool : 0
DEBUG:2016-05-30 22:17:15,281 - [File:log.octCtrl]Parsing:[line#488]Mar 16 14:12:55.395 [ETC] [ID=1][core#30]    Buffer Data : ff7ca08e
DEBUG:2016-05-30 22:17:15,282 - [File:log.octCtrl]Parsing:[line#489]Mar 16 14:12:55.395 [ETC] [ID=1][core#30]    Buffer Size : 1906
DEBUG:2016-05-30 22:17:15,284 - [File:log.octCtrl]Parsing:[line#490]Mar 16 14:12:55.395 [ETC] [ID=1][core#30]    3333ff00 01000008 25a466f1 81000fa0 86dd6000 00000020 3aff3fff a26f0000
DEBUG:2016-05-30 22:17:15,284 - [File:log.octCtrl]Parsing:[line#491]Mar 16 14:12:55.395 [ETC] [ID=1][core#30]    00000000 0000a26f 0a33ff02 00000000 00000000 0001ff00 01008700 78810000
DEBUG:2016-05-30 22:17:15,285 - [File:log.octCtrl]Parsing:[line#492]Mar 16 14:12:55.395 [ETC] [ID=1][core#30]    00003fff a36f0000 00000000 00000000 01000101 000825a4 66f1
DEBUG:2016-05-30 22:17:15,285 - [File:log.octCtrl]Parsing:[line#493]Mar 16 14:12:55.395 [ETC] [ID=1][core#30]
DEBUG:2016-05-30 22:17:15,285 - [File:log.octCtrl]Parsing:[line#494]Mar 16 14:12:55.395 [ETC] [ID=1][core#30] ppx_tx_pkt_np_athena: rxPort: Wire(2112) txPort: NP(1) Total Bytes: 88
DEBUG:2016-05-30 22:17:15,286 - [File:log.octCtrl]Parsing:[line#495]Mar 16 14:12:55.395 [ETC] [ID=1][core#30] ppx_dump_data: size: 88, dump data size: 88
DEBUG:2016-05-30 22:17:15,286 - [File:log.octCtrl]Parsing:[line#496]Mar 16 14:12:55.395 [ETC] [ID=1][core#30]
DEBUG:2016-05-30 22:17:15,286 - [File:log.octCtrl]Parsing:[line#497]Mar 16 14:12:55.395 [ETC] [ID=1][core#30] ff7ca090: 0012ffffff050000 000000010fa00fa0 6000000000203aff 3fffa26f00000000
DEBUG:2016-05-30 22:17:15,286 - [File:log.octCtrl]Parsing:[line#498]Mar 16 14:12:55.395 [ETC] [ID=1][core#30] ff7ca0b0: 00000000a26f0a33 ff02000000000000 00000001ff000100 8700788100000000
DEBUG:2016-05-30 22:17:15,286 - [File:log.octCtrl]Parsing:[line#499]Mar 16 14:12:55.395 [ETC] [ID=1][core#30] ff7ca0d0: 3fffa36f00000000 0000000000000100 0101000825a466f1
DEBUG:2016-05-30 22:17:15,286 - [File:log.octCtrl]Parsing:[line#500]Mar 16 14:12:55.395 [ETC] [ID=1][core#30]
DEBUG:2016-05-30 22:17:15,287 - [File:log.octCtrl]Parsing:[line#501]Mar 16 14:13:00.400 [ETC] [ID=1][core#6 ]
DEBUG:2016-05-30 22:17:15,287 - [File:log.octCtrl]Parsing:[line#502]Mar 16 14:13:00.400 [ETC] [ID=1][core#6 ] Input WQE Data: rxPort: 2112 len: 90 tag: 138419910(8401ec6)
DEBUG:2016-05-30 22:17:15,287 - [File:log.octCtrl]Parsing:[line#503]Mar 16 14:13:00.400 [ETC] [ID=1][core#6 ] cvmx_dump_wqe: WQE @ 84fcd80
DEBUG:2016-05-30 22:17:15,287 - [File:log.octCtrl]Parsing:[line#504]Mar 16 14:13:00.400 [ETC] [ID=1][core#6 ] WQE WORD0: 0x3a00120000000000
DEBUG:2016-05-30 22:17:15,287 - [File:log.octCtrl]Parsing:[line#505]Mar 16 14:13:00.400 [ETC] [ID=1][core#6 ]          : l4ptr: 58 l3ptr: 18 l2ptr: 18 pknd: 0 bpid: 0
DEBUG:2016-05-30 22:17:15,288 - [File:log.octCtrl]Parsing:[line#506]Mar 16 14:13:00.400 [ETC] [ID=1][core#6 ] WQE WORD1: 0x005a21e108401ec6
DEBUG:2016-05-30 22:17:15,288 - [File:log.octCtrl]Parsing:[line#507]Mar 16 14:13:00.400 [ETC] [ID=1][core#6 ]          : len: 90 ipprt: 2112 qos: 2 grp: 15 tag_type: 1 tag: 8401ec6
DEBUG:2016-05-30 22:17:15,288 - [File:log.octCtrl]Parsing:[line#508]Mar 16 14:13:00.400 [ETC] [ID=1][core#6 ] WQE WORD2: 0x01128fa084010400
DEBUG:2016-05-30 22:17:15,288 - [File:log.octCtrl]Parsing:[line#509]Mar 16 14:13:00.400 [ETC] [ID=1][core#6 ]          : Buffs: 1 IP_offset: 18 VLAN: 1 TCP/UDP: 0 IP: 1 core: 6
DEBUG:2016-05-30 22:17:15,288 - [File:log.octCtrl]Parsing:[line#510]Mar 16 14:13:00.400 [ETC] [ID=1][core#6 ] WQE dump       : 0x3A00120000000000 0x005A21E108401EC6
DEBUG:2016-05-30 22:17:15,288 - [File:log.octCtrl]Parsing:[line#511]Mar 16 14:13:00.400 [ETC] [ID=1][core#6 ]                  0x01128FA084010400 0x08077200FF7DF08E
DEBUG:2016-05-30 22:17:15,289 - [File:log.octCtrl]Parsing:[line#512]Mar 16 14:13:00.400 [ETC] [ID=1][core#6 ]                  0x0000000000003333 0xFF000100000825A4
DEBUG:2016-05-30 22:17:15,289 - [File:log.octCtrl]Parsing:[line#513]Mar 16 14:13:00.400 [ETC] [ID=1][core#6 ]                  0x66F181000FA086DD 0x6000000000203AFF
DEBUG:2016-05-30 22:17:15,289 - [File:log.octCtrl]Parsing:[line#514]Mar 16 14:13:00.400 [ETC] [ID=1][core#6 ]                  0x3FFFA26F00000000 0x00000000A26F0A33
DEBUG:2016-05-30 22:17:15,289 - [File:log.octCtrl]Parsing:[line#515]Mar 16 14:13:00.400 [ETC] [ID=1][core#6 ]                  0xFF02000000000000 0x00000001FF000100
DEBUG:2016-05-30 22:17:15,289 - [File:log.octCtrl]Parsing:[line#516]Mar 16 14:13:00.400 [ETC] [ID=1][core#6 ]                  0x8700788100000000 0x3FFFA36F00000000
DEBUG:2016-05-30 22:17:15,289 - [File:log.octCtrl]Parsing:[line#517]Mar 16 14:13:00.400 [ETC] [ID=1][core#6 ]                  0x0000000000000100 0x0101000825A466F1
DEBUG:2016-05-30 22:17:15,290 - [File:log.octCtrl]Parsing:[line#518]Mar 16 14:13:00.400 [ETC] [ID=1][core#6 ]    Buffer Start: ff7df000
DEBUG:2016-05-30 22:17:15,290 - [File:log.octCtrl]Parsing:[line#519]Mar 16 14:13:00.400 [ETC] [ID=1][core#6 ]    Buffer I    : 0
DEBUG:2016-05-30 22:17:15,290 - [File:log.octCtrl]Parsing:[line#520]Mar 16 14:13:00.400 [ETC] [ID=1][core#6 ]    Buffer Back : 1
DEBUG:2016-05-30 22:17:15,290 - [File:log.octCtrl]Parsing:[line#521]Mar 16 14:13:00.400 [ETC] [ID=1][core#6 ]    Buffer Pool : 0
DEBUG:2016-05-30 22:17:15,290 - [File:log.octCtrl]Parsing:[line#522]Mar 16 14:13:00.400 [ETC] [ID=1][core#6 ]    Buffer Data : ff7df08e
DEBUG:2016-05-30 22:17:15,291 - [File:log.octCtrl]Parsing:[line#523]Mar 16 14:13:00.400 [ETC] [ID=1][core#6 ]    Buffer Size : 1906
DEBUG:2016-05-30 22:17:15,292 - [File:log.octCtrl]Parsing:[line#524]Mar 16 14:13:00.400 [ETC] [ID=1][core#6 ]    3333ff00 01000008 25a466f1 81000fa0 86dd6000 00000020 3aff3fff a26f0000
DEBUG:2016-05-30 22:17:15,292 - [File:log.octCtrl]Parsing:[line#525]Mar 16 14:13:00.400 [ETC] [ID=1][core#6 ]    00000000 0000a26f 0a33ff02 00000000 00000000 0001ff00 01008700 78810000
DEBUG:2016-05-30 22:17:15,293 - [File:log.octCtrl]Parsing:[line#526]Mar 16 14:13:00.400 [ETC] [ID=1][core#6 ]    00003fff a36f0000 00000000 00000000 01000101 000825a4 66f1
DEBUG:2016-05-30 22:17:15,293 - [File:log.octCtrl]Parsing:[line#527]Mar 16 14:13:00.400 [ETC] [ID=1][core#6 ]
DEBUG:2016-05-30 22:17:15,293 - [File:log.octCtrl]Parsing:[line#528]Mar 16 14:13:00.400 [ETC] [ID=1][core#6 ] ppx_tx_pkt_np_athena: rxPort: Wire(2112) txPort: NP(1) Total Bytes: 88
DEBUG:2016-05-30 22:17:15,293 - [File:log.octCtrl]Parsing:[line#529]Mar 16 14:13:00.400 [ETC] [ID=1][core#6 ] ppx_dump_data: size: 88, dump data size: 88
DEBUG:2016-05-30 22:17:15,293 - [File:log.octCtrl]Parsing:[line#530]Mar 16 14:13:00.400 [ETC] [ID=1][core#6 ]
DEBUG:2016-05-30 22:17:15,293 - [File:log.octCtrl]Parsing:[line#531]Mar 16 14:13:00.400 [ETC] [ID=1][core#6 ] ff7df090: 0012ffffff050000 000000010fa00fa0 6000000000203aff 3fffa26f00000000
DEBUG:2016-05-30 22:17:15,294 - [File:log.octCtrl]Parsing:[line#532]Mar 16 14:13:00.400 [ETC] [ID=1][core#6 ] ff7df0b0: 00000000a26f0a33 ff02000000000000 00000001ff000100 8700788100000000
DEBUG:2016-05-30 22:17:15,294 - [File:log.octCtrl]Parsing:[line#533]Mar 16 14:13:00.400 [ETC] [ID=1][core#6 ] ff7df0d0: 3fffa36f00000000 0000000000000100 0101000825a466f1
DEBUG:2016-05-30 22:17:15,294 - [File:log.octCtrl]Parsing:[line#534]Mar 16 14:13:00.400 [ETC] [ID=1][core#6 ]
